-----------------------------------------------------------
Family information: revision_before.tab
Log: logfile.txt
The number of families is 5202
Root Family size : 1 ~ 30
Family size : 0 ~ 66
P-value: 0.050000
Num of Threads: 1
Num of Random: 1000
(((((Craseoa:17,Abylopsis:17):7,(Agalma:14,Nanomia:14):10):7,Physalia:32):19,Hydra:51):48,Nematostella_0:100)
0: Physalia => 8
1: Nanomia => 6
2: Agalma => 4
3: Abylopsis => 2
4: Craseoa => 0
5: Hydra => 10
6: Nematostella => 12
Empirical Prior Estimation Result: 28
Poisson lambda: 0.472082 & Score: 31060.118401
Lambda : 0.00213288340718 Mu : 0.00737144108862 & Score: -47531.247164
.Lambda : 0.00223952757753 Mu : 0.00737144108862 & Score: -47396.802156
.Lambda : 0.00223952757753 Mu : 0.00774001314305 & Score: -47492.486894
.Lambda : 0.00234617174789 Mu : 0.00774001314305 & Score: -47367.884367
.Lambda : 0.00245281591825 Mu : 0.00792429917026 & Score: -47307.064401
.Lambda : 0.00245281591825 Mu : 0.00755572711583 & Score: -47197.555150
.Lambda : 0.00255946008861 Mu : 0.00746358410222 & Score: -47061.656066
.Lambda : 0.00277274842933 Mu : 0.00801644218387 & Score: -47026.318808
.Lambda : 0.00303935885523 Mu : 0.00833894273150 & Score: -46926.273966
.Lambda : 0.00314600302558 Mu : 0.00787822766346 & Score: -46676.072879
.Lambda : 0.00349259657925 Mu : 0.00785519191006 & Score: -46437.442450
.Lambda : 0.00397249534586 Mu : 0.00873055053933 & Score: -46534.467991
.Lambda : 0.00442573306989 Mu : 0.00824679971789 & Score: -46165.361759
.Lambda : 0.00511892017722 Mu : 0.00820072821109 & Score: -45990.665433
.Lambda : 0.00463902141061 Mu : 0.00732536958181 & Score: -45796.029137
.Lambda : 0.00497228444298 Mu : 0.00662277910305 & Score: -45554.967088
.Lambda : 0.00659860804095 Mu : 0.00696831540408 & Score: -45608.359617
.Lambda : 0.00645197230671 Mu : 0.00539036629605 & Score: -45417.666514
.Lambda : 0.00711849837145 Mu : 0.00398518533853 & Score: -45827.286538
.Lambda : 0.00482564870873 Mu : 0.00504482999502 & Score: -45466.721294
.Lambda : 0.00630533657246 Mu : 0.00381241718802 & Score: -45734.689227
.Lambda : 0.00597207354009 Mu : 0.00451500766678 & Score: -45469.848181
.Lambda : 0.00530554747535 Mu : 0.00592018862430 & Score: -45405.832233
.Lambda : 0.00497228444298 Mu : 0.00662277910305 & Score: -45554.967088
.Lambda : 0.00693187107332 Mu : 0.00626572492532 & Score: -45541.603549
.Lambda : 0.00640531548217 Mu : 0.00596050119275 & Score: -45429.789326
.Lambda : 0.00535220429988 Mu : 0.00535005372760 & Score: -45380.946392
.Lambda : 0.00482564870873 Mu : 0.00504482999502 & Score: -45466.721294
.Lambda : 0.00420577946852 Mu : 0.00587987605584 & Score: -45653.286889
.Lambda : 0.00476732767807 Mu : 0.00575749861589 & Score: -45476.065008
.Lambda : 0.00532887588762 Mu : 0.00563512117595 & Score: -45385.860411
.Lambda : 0.00590208830329 Mu : 0.00537021001182 & Score: -45370.610051
.Lambda : 0.00592541671556 Mu : 0.00508514256348 & Score: -45384.546048
.Lambda : 0.00532887588762 Mu : 0.00563512117595 & Score: -45385.860411
.Lambda : 0.00547801109460 Mu : 0.00549762652283 & Score: -45372.828128
.Lambda : 0.00602789509801 Mu : 0.00551778280706 & Score: -45376.065103
.Lambda : 0.00535220429988 Mu : 0.00535005372760 & Score: -45380.946392
.Lambda : 0.00552112699941 Mu : 0.00539198599746 & Score: -45370.725697
.Lambda : 0.00594520420811 Mu : 0.00526456948646 & Score: -45375.206154
.Lambda : 0.00582840592973 Mu : 0.00532283374555 & Score: -45369.381105
.Lambda : 0.00620936723361 Mu : 0.00530105775991 & Score: -45392.164930
.Lambda : 0.00603730717506 Mu : 0.00532378981930 & Score: -45378.119002
.Lambda : 0.00586524711651 Mu : 0.00534652187869 & Score: -45369.829716
.Lambda : 0.00567476646457 Mu : 0.00535740987151 & Score: -45367.390183
.Lambda : 0.00563792527779 Mu : 0.00533372173837 & Score: -45368.285913
.Lambda : 0.00548428581263 Mu : 0.00536829786433 & Score: -45372.596292
.Lambda : 0.00557031584191 Mu : 0.00535693183463 & Score: -45369.415549
.Lambda : 0.00565634587118 Mu : 0.00534556580494 & Score: -45367.789067
.Lambda : 0.00575158619715 Mu : 0.00534012180853 & Score: -45367.716548
.Lambda : 0.00577000679054 Mu : 0.00535196587510 & Score: -45367.646614
.Lambda : 0.00569318705796 Mu : 0.00536925393807 & Score: -45367.083133
.Lambda : 0.00566398748837 Mu : 0.00538382000285 & Score: -45367.124345
.Lambda : 0.00559794673199 Mu : 0.00537469793448 & Score: -45368.410236
.Lambda : 0.00564096174663 Mu : 0.00536901491964 & Score: -45367.620819
.Lambda : 0.00572699177590 Mu : 0.00535764888994 & Score: -45367.255828
.Lambda : 0.00574541236930 Mu : 0.00536949295651 & Score: -45367.143423
.Lambda : 0.00571160765135 Mu : 0.00538109800464 & Score: -45366.868427
.Lambda : 0.00570391558908 Mu : 0.00539282256199 & Score: -45366.750874
.Lambda : 0.00565169027775 Mu : 0.00539258354356 & Score: -45367.189613
.Lambda : 0.00567512080063 Mu : 0.00538681089679 & Score: -45366.980737
.Lambda : 0.00568584933175 Mu : 0.00541037952071 & Score: -45366.696284
.Lambda : 0.00568218046864 Mu : 0.00543094231203 & Score: -45366.643717
.Lambda : 0.00571097525709 Mu : 0.00543695397723 & Score: -45366.486178
.Lambda : 0.00572890248531 Mu : 0.00546202551745 & Score: -45366.507672
.Lambda : 0.00568924013665 Mu : 0.00547507372727 & Score: -45366.679633
.Lambda : 0.00570391558908 Mu : 0.00539282256199 & Score: -45366.750874
.Lambda : 0.00570024672597 Mu : 0.00541338535331 & Score: -45366.602094
.Lambda : 0.00572904151442 Mu : 0.00541939701851 & Score: -45366.536955
.Lambda : 0.00573977004553 Mu : 0.00544296564243 & Score: -45366.502898
.Lambda : 0.00572170378820 Mu : 0.00546052260115 & Score: -45366.498351
.Lambda : 0.00569290899976 Mu : 0.00545451093595 & Score: -45366.569991
.Lambda : 0.00570462426120 Mu : 0.00545162461257 & Score: -45366.509659
.Lambda : 0.00571633952264 Mu : 0.00544873828919 & Score: -45366.476227
.Lambda : 0.00572537265131 Mu : 0.00543995980983 & Score: -45366.475104
.Lambda : 0.00573073691687 Mu : 0.00545174412179 & Score: -45366.485708
.Lambda : 0.00571097525709 Mu : 0.00543695397723 & Score: -45366.486178
.Lambda : 0.00571591567203 Mu : 0.00544065151337 & Score: -45366.475690
.Lambda : 0.00572494880070 Mu : 0.00543187303401 & Score: -45366.486770
.Lambda : 0.00572279648118 Mu : 0.00543608934780 & Score: -45366.478452
.Lambda : 0.00572064416167 Mu : 0.00544030566160 & Score: -45366.474128
.Lambda : 0.00572085608698 Mu : 0.00544434904951 & Score: -45366.472659
.Lambda : 0.00571612759734 Mu : 0.00544469490128 & Score: -45366.474177
.Lambda : 0.00572537265131 Mu : 0.00543995980983 & Score: -45366.475104
.Lambda : 0.00572306138782 Mu : 0.00544114358269 & Score: -45366.473853
.Lambda : 0.00572327331312 Mu : 0.00544518697060 & Score: -45366.473153
.Lambda : 0.00572106801228 Mu : 0.00544839243742 & Score: -45366.473750
.Lambda : 0.00572306138782 Mu : 0.00544114358269 & Score: -45366.473853
.Lambda : 0.00572256304393 Mu : 0.00544295579637 & Score: -45366.472941
.Lambda : 0.00572014581779 Mu : 0.00544211787528 & Score: -45366.473358
.Lambda : 0.00572092769162 Mu : 0.00544288514911 & Score: -45366.472973
.Lambda : 0.00572249143929 Mu : 0.00544441969677 & Score: -45366.472866
.Lambda : 0.00572078448233 Mu : 0.00544581294991 & Score: -45366.472612
.Lambda : 0.00571989520153 Mu : 0.00544724152667 & Score: -45366.473032
.Lambda : 0.00571914913002 Mu : 0.00544574230265 & Score: -45366.472619
.Lambda : 0.00571907752538 Mu : 0.00544720620304 & Score: -45366.473178
.Lambda : 0.00571952216578 Mu : 0.00544649191466 & Score: -45366.472759
.Lambda : 0.00571996680618 Mu : 0.00544577762628 & Score: -45366.472533
.Lambda : 0.00572082028465 Mu : 0.00544508099971 & Score: -45366.472574
.Lambda : 0.00572000260850 Mu : 0.00544504567608 & Score: -45366.472465
.Lambda : 0.00571961167158 Mu : 0.00544466203916 & Score: -45366.472478
.Lambda : 0.00571914913002 Mu : 0.00544574230265 & Score: -45366.472619
.Lambda : 0.00571956691868 Mu : 0.00544557697691 & Score: -45366.472523
.Lambda : 0.00571960272100 Mu : 0.00544484502671 & Score: -45366.472472
.Lambda : 0.00572003841082 Mu : 0.00544431372588 & Score: -45366.472520
.Lambda : 0.00571956691868 Mu : 0.00544557697691 & Score: -45366.472523
.Lambda : 0.00571968479171 Mu : 0.00544526116415 & Score: -45366.472479
.Lambda : 0.00571992053779 Mu : 0.00544462953864 & Score: -45366.472477
.Lambda : 0.00571968479171 Mu : 0.00544526116415 & Score: -45366.472479
.Lambda : 0.00571974372823 Mu : 0.00544510325777 & Score: -45366.472467
.Lambda : 0.00572014361573 Mu : 0.00544530390714 & Score: -45366.472481
.Lambda : 0.00572000839205 Mu : 0.00544518918703 & Score: -45366.472469
.Lambda : 0.00571973794468 Mu : 0.00544495974682 & Score: -45366.472465
.Lambda : 0.00571960272100 Mu : 0.00544484502671 & Score: -45366.472472
.Lambda : 0.00571999682495 Mu : 0.00544490216512 & Score: -45366.472466
.Lambda : 0.00571974372823 Mu : 0.00544510325777 & Score: -45366.472467
.Lambda : 0.00571980700241 Mu : 0.00544505298461 & Score: -45366.472464
.Lambda : 0.00571954233860 Mu : 0.00544496705535 & Score: -45366.472476
.Lambda : 0.00571965740607 Mu : 0.00544498671053 & Score: -45366.472468
.Lambda : 0.00571977247355 Mu : 0.00544500636571 & Score: -45366.472464
.Lambda : 0.00571990480546 Mu : 0.00544504933034 & Score: -45366.472464
.
Lambda Search Result: 63
Lambda : 0.00571990480546 Mu : 0.00544504933034 & Score: 45366.472464
DONE: Lamda,Mu Search or setting, for command:
lambdamu -s
Running Viterbi algorithm....
CD: 1 ~ 30
VITERBI: from 0
Building Metapost report: resultfile.mp
Building HTML report: resultfile.html
Report Done
