0.000002 474578 474581
0.041257 84203 113272
0.036191 449674 449676
0.036191 250635 250636 250637
0.000002 550406 550403
0.000002 160807 160808
0.012344 491729 491728
0.000002 432213 432214
0.000002 171980 171981
0.000002 64612 64613
0.000002 331368 331366
0.000002 186106 186107
0.000002 228971 228972
0.000002 15618 15619
0.025430 80481 80473
0.047531 215285 215288
0.023164 264274 264278
0.000002 608802 608801
0.000002 237295 237297
0.000002 70706 70703
0.004412 15318 423
0.022771 339832 339833
0.000002 563166 563165
0.000004 11791 11790 11789
0.047523 88897 88901
0.000002 176136 176137
0.002725 535446 535449
0.015236 336954 336953
0.038430 320738 320737
0.000002 230467 230466
0.001008 56660 72464
0.032986 432647 432648
0.000002 494618 494621
0.000002 340650 340660
0.000002 453914 453911
0.003455 19955 10070
0.020119 53198 53197
0.000002 18010 18009
0.000004 339538 339535 339536
0.000002 463411 463412
0.020642 254414 254411
0.000002 325013 325016
0.000002 194576 194577
0.000002 15414 17907
0.000002 338982 338981
0.000002 51512 34040
0.013076 469017 469018
0.000002 433366 433368
0.000002 55823 55824
0.017383 455773 455774
0.038166 83907 83906
0.000002 601152 601151 555599 555598
0.000002 334890 334892 329149 329148
0.000002 89067 89069
0.046770 422334 422329
0.000002 264714 264715
0.000002 169154 169155
0.000002 242541 242534
0.014826 4648 4647
0.009393 321354 321355
0.040143 91859 91861 91860 91863
0.000002 324687 324688
0.048646 6311 13123
0.000002 191410 191411
0.000004 7399 7398 7397
0.000002 12239 12238
0.000002 520585 520587
0.000002 268794 268807
0.009229 7643 4844
0.010489 23017 13826
0.004120 45924 45926
0.000002 48004 42782 48654 46846 49545 28555 49548 37834
0.033227 301334 301328
0.000002 295005 295003
0.000006 19308 19309 19307 19310
0.042256 315875 315873
0.000002 292584 292583
0.021519 614247 614246
0.000006 371639 371636 371637 371644
0.019590 16888 16116
0.001445 155796 155792
0.019833 1672 17769
0.000002 21670 7143
0.000002 60565 60562
0.000008 3804 3803 3802 3801 3800
0.024172 478692 478691
0.008170 39833 33406 40710
0.000002 443084 443086
0.000002 528688 528691
0.000002 53636 53635
0.017711 208015 208016
0.000002 102944 102945 102946 102947 79765 79766
0.044995 278726 278727
0.032853 30852 29609
0.000002 489842 489845
0.007424 561067 561068
0.000002 466233 466232
0.000002 31456 40431 28480 38313
0.010666 6333 24167
0.000002 14514 14513
0.000002 40355 44427
0.000002 267320 267321
0.000002 381013 381010 381018 381009
0.000002 33441 50638
0.000002 12623 12624
0.000002 326457 326454
0.000002 486334 434475
0.000008 11292 11293 11290 11291 11289
0.000002 137430 137432
0.020772 140767 140768
0.025915 387785 387788
0.039580 247041 247039
0.000002 252359 340701
0.047417 35362 41016
0.010510 234310 234309
0.000002 45616 50051
0.000004 1347 1345 19737 1348 20351 20350
0.000002 18544 18095
0.000002 584761 584765
0.000002 3757 3756
0.000002 334440 334439 299158 299159
0.045171 265959 265950
0.000002 172028 172029
0.000010 454 455 456 457 458 459
0.000002 36567 43612
0.000002 8842 8841
0.000002 3854 3855
0.016658 51158 44278
0.000002 416730 416729
0.017952 15308 15101
0.025160 393823 393822
0.000002 4808 4809
0.025160 143000 142999
0.011775 416190 416192
0.006493 575410 526576
0.000002 31322 42252
0.000004 8026 8027 8028
0.000002 5243 5242 427 426
0.034849 403145 403149
0.000002 310768 310767
0.000002 4200 4199
0.047992 410540 410535
0.000002 9768 9767
0.000002 35693 40279
0.000002 16058 9466
0.011543 304681 304688
0.029596 23662 11208 11209
0.000002 122458 122457
0.019438 243963 243964
0.030782 384598 384597
0.000002 91278 91279
0.037669 429970 429969
0.000002 39121 42726
0.035364 518756 518755
0.000002 280868 280867
0.000002 5995 5998
0.000002 321901 321902
0.037172 3169 23945
0.000004 5997 5996 5999
0.000002 279714 279712
0.000004 6598 10213 10212
0.000002 3929 3930
0.014922 31025 26491
0.007957 39782 40366
0.000002 31332 31331
0.043173 44229 44228
0.047475 210693 210696
0.004810 109296 109298
0.029914 235642 235643
0.000002 38911 48830
0.012989 473690 473688
0.040593 311519 311510
0.018039 19749 16586
0.021671 222021 175813 175814 222035 222034 222905 222904
0.000002 289902 289903
0.000002 15061 15060
0.010220 12617 9646
0.000002 41976 29963
0.000002 253003 253000
0.027787 18916 18915
0.000002 1430 1431
0.000002 466510 466511
0.000002 170686 170687
0.000002 303769 303770
0.000002 46968 42773
0.034983 574450 574443
0.000002 9333 1120 1121 4709
0.000002 307729 307724
0.000012 39119 26629
0.000002 107034 107032
0.000012 555424 618720 619334
0.000002 425 2886
0.000002 17152 17151
0.000002 322246 322243
0.004460 22476 22477
0.000002 10682 16147
0.000002 30626 43606
0.042475 327185 327184
0.008945 377146 377145
0.043986 143824 136989
0.011977 25473 49911
0.000002 32847 29818 33694 29821
0.004278 18524 21133
0.000004 527839 527838 527837
0.000002 237114 237115
0.000004 17744 17745 17743
0.008978 38910 49709
0.017015 569778 517464
0.000002 7511 7512
0.000002 411570 464063
0.000008 12451 12450 12448 12449 12447
0.000002 39336 29975
0.017848 42595 37086
0.000002 310965 310961
0.000002 28242 41970
0.006976 260990 260991
0.018451 94983 94982 94985
0.000002 3961 18634
0.002951 17492 17493 17494
0.000002 113371 113370
0.000006 12642 12643 12644 12645
0.037643 241632 323163 241636 323166
0.000002 241070 241071
0.021219 11360 19484 19483
0.034685 231897 231902
0.000002 19635 19636
0.000002 546641 546640
0.015946 19244 19774
0.000008 9346 9347 9344 9345 9348
0.038872 486031 486028
0.045169 343822 343823
0.000002 10204 10203
0.000004 1353 1355 1354
0.003438 566711 566709
0.000002 18848 18849
0.028659 117982 103447
0.000012 512941 512940 512936 512937 512942 512938 512939
0.000004 124365 124366 124367
0.000002 387410 432970 432969 387413
0.000002 26056 43222
0.049880 216637 164036
0.000002 115429 115428
0.040753 167985 128564 128565
0.000002 298494 298495 294809 294808
0.047992 448818 448822
0.000002 271289 271292
0.017056 262420 262421
0.000002 456804 456802
0.000004 3331 3333 3332
0.000002 523644 604479 604478 523643
0.000004 3285 3284 3283
0.003707 31708 35777
0.017866 292953 292954
0.013689 471930 471929
0.021213 325972 325977
0.000002 263555 263554
0.000002 25994 43965
0.000002 474157 474148
0.017029 13258 18786
0.010608 23358 23342
0.048099 372665 372666 372667
0.014985 322261 322257
0.000002 233593 233594 336099 336098
0.000002 292352 292349
0.024157 593787 593788
0.009982 469184 469185
0.044400 40407 41410
0.000002 313765 313766
0.007217 10522 13173
0.000002 72158 72157
0.020179 26458 32973
0.000002 30600 30599
0.027710 134646 134657 134645 134648
0.000002 81987 90135 81988
0.022774 134647 134653
0.000002 9562 1762 9561 1763
0.000002 547823 547824
0.000008 5074 14298 14295 14297 14296
0.000002 406755 428050
0.000002 141109 156478
0.038460 347634 347633 347639
0.000002 231569 322442 231566
0.000002 434641 434642
0.000002 21178 20941
0.017401 12933 24480
0.043731 451309 451310
0.000002 467745 467749
0.023340 160694 160696
0.000002 316082 316085
0.000002 36682 38948
0.000002 294254 294253
0.047853 176197 176198
0.000006 18958 18960 18957 18959
0.042874 20515 19680
0.019654 92318 92319 121849
0.000002 69879 69882
0.000002 135921 213181
0.012513 29786 49751
0.018910 571960 571967
0.000002 523011 523017
0.018884 229951 229950
0.000004 4728 4727 4726
0.000002 5229 16410 1680 11983
0.000002 45553 50036
0.000002 92188 92190
0.000002 560371 560370
0.015340 347221 347222
0.007202 22948 11793
0.000002 20884 20882
0.042080 159529 159525
0.000002 277042 277046
0.000002 432925 432923
0.000002 48979 41270
0.002460 513559 513560 513556
0.024881 484965 484960
0.000002 16417 16416
0.045724 71231 116335
0.000002 407977 407976
0.005569 242627 242628
0.000002 3107 3108
0.000002 448598 448597
0.006998 41399 38561
0.000002 482468 482467
0.000002 14244 14243
0.000002 187687 187688
0.000002 302056 302057
0.000008 607685 607684 607687 607686 607689
0.015161 443175 443174
0.000002 241816 241817
0.023035 258762 258763 258760
0.026235 342199 342201 342200
0.000002 252452 252451
0.038937 349151 349153
0.000002 430023 430022
0.028463 367345 367341
0.000002 116500 86126 91450 91451
0.045049 324371 324372
0.028618 557205 560199
0.006349 30746 39656
0.000002 158479 158478
0.000002 235936 235937
0.000002 103204 103202
0.000002 292647 292646
0.000002 84197 84198
0.000002 25131 25133
0.030286 431734 431733
0.000004 265664 265663 265662
0.000002 31602 34713
0.000006 5899 5900 5901 5902
0.000002 102051 102047
0.047124 445692 445693 445696
0.000002 41584 47207
0.039759 249158 249157
0.000002 23671 18569
0.020020 7306 7307
0.034373 90992 90988
0.000002 204582 204581
0.000002 23454 5069 13447 5068
0.000002 180088 180087
0.000002 52235 52234
0.045075 31526 31527 35078
0.000002 46204 46203
0.000002 173703 148605 148604 173705
0.000002 349758 349759
0.004021 44444 37579
0.000006 21862 21860 21861 21859
0.000002 27673 32537
0.000002 526564 526565
0.000002 446377 446378
0.000002 43725 49925
0.000002 10372 10373
0.000006 13377 15104 15105 15103
0.015674 242592 242590
0.005569 38558 43797 42099
0.020561 3963 3964
0.000002 7313 7314
0.000002 11502 11503
0.019223 519493 519495
0.010499 81594 81596
0.041729 16723 21554
0.000004 46556 29331 46552
0.000002 443222 443225
0.000002 4271 4272
0.000002 243966 243967
0.000002 357580 357578 357573 357572
0.012414 47104 26623
0.000004 3043 3042 3041
0.025634 279267 279264
0.000002 15752 15751
0.000004 462527 462526 462528
0.000004 448 447 446
0.000002 585367 585369
0.000002 9957 9958
0.000002 311762 311756
0.036272 605177 605176
0.001543 309402 309399
0.003535 31775 40084
0.007646 21210 23716
0.000004 97848 97844 97846
0.006348 330583 330572
0.000002 322845 322846
0.000002 51825 31980
0.000002 266336 230002
0.000002 382474 382475
0.026925 483367 483363
0.043516 96640 96641 96642
0.000002 44559 46047
0.005600 13216 23489
0.042982 236135 303529
0.046981 469109 344296
0.011771 14898 16311
0.000002 525605 525606
0.000002 320523 320524
0.006802 94534 94535
0.000002 219486 219487 220718 220719
0.004368 164548 164549
0.000002 343105 343104
0.000002 113335 113336
0.000002 306011 273605
0.000002 17869 17870
0.000002 5319 9439
0.000002 43430 26437
0.000002 5672 5671
0.007038 130472 158230
0.045078 210520 163355
0.019355 104630 104631
0.008083 316864 316863
0.007234 10302 10301
0.017853 16538 17607
0.005822 391959 391958
0.013899 478892 478896
0.000002 451275 451274
0.007644 21144 23295
0.039419 499054 499053
0.000002 20443 20442
0.000002 17959 17958
0.000006 168276 168275 168278 168280
0.000002 186088 186087
0.000002 271926 271929
0.047987 539842 595815
0.000002 16802 16801
0.000002 543254 543253
0.000002 74267 74265
0.043239 144992 179619
0.017671 131292 131291
0.000004 565358 565359 565357
0.000002 427159 427158
0.005405 98207 98208
0.000002 548755 548752
0.004785 143593 143595
0.014916 467728 467727
0.000002 5608 5607
0.005418 63360 63359
0.048935 534875 534877
0.000002 541008 541009
0.000002 321086 321090
0.000002 44314 30023 27236 30022
0.033307 122427 122428
0.000002 183457 183458
0.000004 14073 14072 14074
0.014985 120649 120650
0.031647 10149 22204
0.043876 23375 8672
0.011931 14909 18209
0.000002 270206 266641
0.035288 345675 345677
0.000002 51292 30959
0.000002 204649 204650
0.000004 3483 3482 3484
0.000002 550670 550669 503446
0.030717 204882 204883 177458 204877
0.000002 585025 585022
0.046117 12880 21360 22520
0.026442 94725 94723
0.003253 281948 281946
0.000002 10162 5876
0.008787 114615 114613
0.000008 6679 6678 6677 6676 305
0.000004 623845 623847 623848
0.036423 78219 78218
0.006805 36730 36731
0.000002 235448 235447
0.038038 449920 401783 438798
0.000002 213256 213255
0.016692 431440 431441
0.016692 158748 158750
0.016692 273329 273331
0.024895 355375 355376
0.000002 99564 99562
0.000002 594946 594944
0.000002 352082 352081
0.023436 515452 515453
0.043433 450677 450674
0.010109 75359 75360 75357
0.000004 7003 7002 7004
0.000002 548315 548314
0.000002 10336 10337
0.000002 235525 235526
0.017653 269526 269527
0.000002 361791 361792
0.000002 339222 339225
0.044178 12305 3675
0.000002 76242 76243
0.043536 38106 48342
0.000002 279502 279501
0.000002 27865 42513
0.034130 486891 556918
0.000002 303268 303272
0.000002 252487 252486
0.000002 240590 240593
0.000002 35908 43377
0.000002 485489 485488
0.010499 39143 28058
0.000002 20979 20980
0.037784 442074 442073
0.000002 48803 34287
0.034412 327055 327057
0.019701 360454 360453
0.000002 35538 35541
0.000002 531038 531040
0.000002 24032 24031
0.000004 6112 16044 16045
0.000002 375360 375361 421268
0.000004 14538 14539 14537
0.000002 288963 288962
0.000002 412087 412085
0.000002 45411 45412
0.000006 609359 609360 609358 609361
0.039738 416599 416601
0.016853 23820 23037
0.020527 95770 83592
0.000002 320553 320552
0.000002 398964 398960
0.000010 11733 11732 11735 11734 11737 11736
0.000004 223 222 224
0.034197 42180 28820
0.015117 176784 179364 179362 179368
0.025567 73009 73011
0.003538 14022 18082 14021
0.000002 94260 94261
0.015921 85253 58323 58324
0.029949 211808 195204 184878 184880
0.029949 597627 513322
0.000002 33152 39083
0.000002 980 981
0.000002 288851 288850
0.033826 382081 382080
0.000002 3898 3899
0.000002 284881 284877
0.000002 266911 266912
0.000002 8125 8126
0.000002 49437 40478
0.037096 83275 83273
0.000002 334476 334475
0.000002 70177 70180
0.000004 15495 1542 1541
0.019158 476565 476556
0.006217 5746 5747 5751 5750 5752 5748 5749
0.000002 19689 19690
0.033260 84102 84106
0.000010 3745 3746 3747 3750 3748 3749
0.000002 366822 366836
0.000004 333135 333134 333133
0.000002 352446 352447
0.000002 372242 372243
0.000006 194045 212048 212050 134627
0.000004 547976 547977
0.000002 6574 6575
0.000002 500724 500725
0.012589 35548 32795
0.003062 360537 360536
0.004293 7917 2859
0.000002 557954 557953
0.000004 149952 149950 149951
0.000002 2140 2139
0.000002 278793 278792
0.004563 498208 498207
0.048251 175752 160960
0.041558 81118 64267
0.000004 581633 581632 581634
0.000002 283844 283843
0.000002 252962 252961
0.000002 372309 372310
0.013896 40760 34574
0.000002 42963 42964 43562 31590
0.009343 25425 33096
0.000002 290890 290889
0.000002 8411 8412
0.007791 74574 74575
0.045456 219008 154540 219007
0.000002 325691 325689
0.000002 55102 55103
0.037926 328409 328408
0.027639 270103 270104
0.047291 374770 374772
0.017832 26274 26275 26273
0.000002 261647 261646
0.000002 615505 615506
0.000004 17655 18188 23654
0.000002 97760 97759
0.000002 12357 23721
0.000002 123585 123587
0.000006 522670 522671 522672 522673
0.016467 400863 400868
0.033750 357636 357635
0.025128 11288 13586
0.020598 232806 232804
0.000002 18251 18250
0.047172 45775 29632
0.006255 180548 180547
0.000002 252243 313350 313356 252244
0.000004 5818 5816 5817
0.000002 340630 340636
0.000002 526285 540627
0.000002 163183 163182
0.030046 104085 104084
0.000002 538885 508457
0.000002 20323 20324
0.000002 43570 33400
0.000004 100902 100901 100904
0.000002 300700 300699
0.000002 104955 104954
0.000002 5199 5198
0.020893 119931 119932
0.008813 38532 50264 50266
0.013510 13867 23835 5538
0.034589 193345 193346
0.048882 84591 84590
0.000006 520474 549987 523980
0.000002 556733 556730
0.000002 359797 359796
0.000002 10624 10625
0.043433 393079 393077
0.000010 596303 596307 596306 596305 596304 596308
0.005752 35391 51165
0.000002 114830 114829
0.000002 277961 277968
0.013938 22751 478 479
0.000002 3412 3413
0.046262 59108 59109
0.014613 131305 131300 131302
0.041982 131309 131301
0.000004 585231 495570
0.000002 168042 168039
0.013454 388193 388192
0.031624 56976 56975
0.000006 12121 12120 12123 12122
0.000002 482548 482550
0.000002 8574 8575
0.012053 274475 274476
0.000002 187097 187096
0.023539 334648 334649
0.000004 228200 228198 228199
0.000012 8041 4983 4982 4981 4986 4985 4984
0.015280 5758 5755 5754 5757
0.000002 434182 434183
0.034770 5759 5753 5756
0.031240 69013 69014
0.000002 251628 251624
0.000004 506470 506471
0.000004 113230 113226
0.000002 234640 234637
0.026749 612667 612666
0.039859 466881 466883
0.000002 223299 189832
0.015085 490827 490829 490828
0.000002 313968 313965
0.000002 84627 84631
0.000006 14817 14816 14815 14818
0.041449 281319 281321
0.000002 1799 1798
0.017575 206632 206626
0.023711 164450 206628
0.016759 206247 206250 206248 206249
0.000002 84927 84928 62251
0.017689 76974 76975
0.006727 45894 36955
0.000002 18767 22634
0.000004 458338 458337 458336
0.000002 330127 330126
0.000558 235899 235898
0.000002 5618 5617
0.005484 2988 8541
0.017714 370094 370096
0.000002 117503 117509
0.000002 15420 15419
0.012827 30288 40861
0.007116 30287 40860
0.000002 73320 73321
0.000002 40300 29018
0.045784 124937 124938
0.000002 304427 304431
0.011278 203244 203243
0.000002 118976 118975
0.000002 105791 96438
0.000004 18501 18502 18983
0.000002 572253 572252
0.024234 40489 41432
0.000002 23192 4387
0.000002 346895 346896
0.000002 334358 334359
0.023171 554521 554520 554522
0.000004 20093 20094 20095
0.000002 460332 460333
0.000002 22551 17296
0.005039 198591 191107
0.000002 611074 541028
0.020551 28073 48027
0.000002 336686 336687
0.044357 72403 72404
0.000002 322974 322973
0.043391 338174 338178 338179
0.032062 139919 154379
0.000002 511423 511428
0.009898 225579 225578
0.000002 39849 38657
0.000004 208874 208870
0.011512 107331 107333
0.019043 29074 48242
0.000002 577715 577726
0.000002 453637 453636
0.000002 91050 91049
0.000004 216 217 215
0.011213 30529 35173
0.003132 8703 8702
0.026498 235523 235522 323351
0.043615 113875 113873
0.006399 383885 383888
0.000002 2068 2069 2066 2065
0.047868 272738 272740
0.000006 1008 1005 1007 1006
0.000002 39571 33631
0.000006 6062 6059 6060 6061
0.000002 14552 6454
0.019492 2535 2536 2537
0.000002 409678 409679
0.000002 536669 536667
0.000002 20147 15755
0.000002 275260 275258
0.000002 79832 79833
0.000002 22241 12944
0.028788 257693 257694
0.000002 20576 20665
0.007977 15483 15482 15481 8901 15484
0.028705 334507 334509
0.007562 71543 71545
0.000002 86073 52496
0.008230 60712 60710
0.000002 259297 259296
0.000002 33296 33295
0.048920 225657 225654 225652 225650 225659
0.033803 330701 330700 330699 330698 330695 330693 330690
0.029010 473998 473993
0.000004 1364 1365 1363
0.000006 389428 389429 389426 389427
0.000002 269938 269937
0.000002 62282 62285
0.000002 33899 42800
0.000002 6369 6370
0.040137 92003 92000
0.005776 46442 46441
0.011973 214350 214347 214349
0.000002 234227 234226
0.000002 140723 140724
0.000002 276014 276012
0.011733 21728 4735
0.040769 221992 222002 221994 221997 222000
0.040769 330356 330357
0.000002 273873 273872
0.000002 425597 425607
0.041068 159663 159665
0.013163 138950 138951
0.000002 14585 14584
0.000002 10738 10739
0.022575 226610 166568
0.024119 6346 11811
0.000002 585892 585896
0.000004 14417 14416 14415
0.000002 7117 11813
0.034088 41269 30324
0.007476 15035 10552
0.000002 298941 298946
0.000002 12103 12104
0.000002 172026 172027
0.000002 7744 7745
0.000004 319590 319588 319593
0.000002 266829 266834
0.039570 22862 21264
0.009054 10953 20602
0.000004 558217 558216 558218
0.004264 10951 7973
0.006732 38493 42900
0.038197 416515 416516
0.038197 194972 194969
0.000002 604293 615248
0.000002 56527 64453
0.012829 589761 589760
0.035222 155061 208354
0.000002 343206 343204
0.016599 217965 144851
0.000002 4766 4765
0.042157 599850 599858
0.042157 330159 330160
0.000002 482584 482583
0.033467 316505 316503
0.000002 440705 440704
0.000002 268086 268087
0.006425 18310 172
0.014911 488904 488906
0.005636 394485 394486
0.000004 493372 493370 493371
0.000004 328788 328794 328793
0.000002 13801 20844
0.000006 586197 586196 586195 586194
0.000006 329394 329395 329392 329393
0.015046 131677 131678
0.000002 439796 439797
0.000004 86484 86483 86480
0.037716 80579 80572 86623
0.036119 18361 8774
0.000002 43240 33750
0.032747 455312 455313
0.040956 104470 58353
0.000002 8628 8627
0.000002 236138 236137
0.000002 233453 233454
0.000002 219564 219562
0.000002 19326 19473
0.046649 25012 33932
0.037055 129604 129606
0.026061 194490 225786
0.000002 426795 426796
0.000002 35647 48352
0.033556 308849 308851 308847
0.003780 13661 13660 13659
0.000002 69034 69036
0.000002 7915 7916
0.009373 46158 45452
0.000002 94659 94653
0.000002 220 22742
0.047617 167225 167232
0.016735 304630 304631
0.000002 1715 1714
0.000002 33753 49206
0.000002 349408 349409
0.009172 64757 64756
0.004896 364723 364724
0.000002 468218 468217
0.000002 127123 127124
0.000002 230966 230959
0.000002 76747 76746
0.049493 231527 231520
0.000004 10831 10833 10832
0.000002 16437 10881
0.000002 44729 46676
0.000006 1496 1497 1494 1495
0.008835 6071 22465
0.000196 405724 405725
0.000006 6070 6069 6068 6067
0.000002 576379 620401
0.000002 48785 43059
0.000002 109253 109254
0.039581 23941 4262
0.022394 20837 18233
0.048179 107245 107246 107249
0.000006 15037 15040 15038 15039
0.033818 470875 476015 470873
0.000004 160886 198906 160888
0.038347 21026 23829
0.016726 601355 601358
0.038446 47329 42097
0.042527 515230 519861
0.000002 102487 108138
0.000002 169024 194383
0.042527 312330 312333
0.007180 36708 36706
0.032420 253104 253103
0.000002 457332 457331
0.000002 177142 177143
0.040908 171888 188958
0.016294 142089 214824
0.015704 211365 211366
0.000004 7345 7346 7347
0.000002 23976 6815
0.000002 176546 176545
0.000002 9328 9329
0.000004 234665 234664
0.000002 246930 246926
0.000002 406010 406009
0.000002 47202 47203
0.027240 450783 450785
0.041846 39857 31564 46550
0.000012 614519 614528 614529 614520 614521 614522 614530
0.000002 13580 17914
0.000002 14741 11268
0.000002 94901 94900
0.042172 465382 465391 465390 465393 465381 465395 465399 465386
0.000004 582313 582312 582314
0.000002 316613 316614
0.000002 223493 223495
0.000002 7524 7523
0.003431 393567 393563
0.000002 8615 8614
0.000002 177604 177602
0.006603 222257 207299
0.013755 93399 93398
0.000002 119466 119468
0.045326 357494 357495
0.024121 299033 299034
0.000002 8952 20292
0.039349 4395 16945
0.000002 389854 389856
0.000002 303729 303731
0.000004 605488 614456 536508
0.000004 86947 125779 95969
0.034837 397885 397887 397886
0.000002 29071 44369
0.034837 331457 331458
0.000008 4358 4356 4357 4354 4355
0.033702 274163 274164
0.000002 29697 38382
0.000002 13691 13692
0.000010 487489 487492 487493 487490 487491 487494
0.000002 17069 16104
0.000002 253183 253182
0.000002 103413 103412 103415 103414
0.000002 15795 1487
0.000002 514619 514618
0.000002 370305 370306
0.000002 100911 100910
0.000002 404219 404213
0.000002 1139 1140
0.000002 5034 5035
0.000002 3698 3699
0.000002 167790 167792
0.011276 555460 574506
0.024271 314485 314488
0.000002 5685 5684
0.000004 462349 462357 462350
0.000002 8069 8070
0.000002 14747 19214
0.000002 84700 84697
0.028030 100706 100714
0.000002 270182 270183
0.004653 479219 479221 479223
0.013205 7251 17266
0.000002 531713 531714
0.000002 572496 572499
0.000002 240226 240225
0.000002 4371 15996
0.000002 5674 5675
0.044109 184964 184965 184970
0.033980 28966 28970
0.000008 6134 6135 6136 6137 6138
0.000002 1916 1915
0.032554 91066 65828
0.006959 29182 36455
0.000010 8873 8872 8871 8876 8875 8874
0.000002 579537 579536
0.000004 12753 7645 7644
0.000002 4958 4771
0.000002 51036 46253
0.000004 23896 7696 7697
0.000002 267904 267901
0.027915 201314 225259
0.000002 336092 336091
0.000006 548504 548502 548503 548501
0.003832 36174 26904 30748
0.019721 206257 206253
0.000002 218 219
0.000008 495095 495094 495096 495093 495092
0.000002 285003 285002
0.006950 25480 38904
0.000002 204619 204618
0.000004 1549 18665 18666
0.000002 10031 10032
0.000004 254836 254837
0.000002 77048 77047
0.000002 22401 11089
0.000010 526988 526987 526996 526991 526993 526992
0.000002 236682 236684
0.000002 51304 32104
0.000002 104519 104520
0.006155 140317 140316
0.000002 341002 341007
0.004300 21308 17028
0.000002 546560 546558
0.026867 12733 8389
0.013953 101187 101189
0.000002 77951 77949
0.000002 15204 15203
0.000002 25521 25520
0.000002 189808 189809
0.000002 65923 65924
0.000004 101413 59732
0.005889 291523 291522
0.030937 273813 273810
0.016907 22789 16573
0.000002 289496 289497
0.000002 25470 39556
0.000008 311748 311749 311747 311746 311750
0.003063 36294 27049
0.040620 113296 113294
0.000002 35565 34192
0.000002 81884 81885
0.005295 45350 31605
0.000002 2849 2850
0.002427 572045 572050
0.006730 251952 251951
0.000002 92105 92104
0.000002 6387 6386
0.013297 45469 48653
0.000002 291055 291054
0.015130 480742 480740
0.000002 14978 18065
0.010619 30499 49519
0.000002 4215 4214
0.030557 366078 366072
0.006680 346182 346183 346184
0.000002 363296 363302
0.000008 15380 15379 15381 15382 15378
0.047208 289196 289194
0.028826 403616 403617
0.015534 232559 232558
0.000002 9470 9471
0.017934 32834 40059
0.000002 20779 11056
0.014545 48576 36740
0.007557 102203 102202
0.000004 208622 208623 208625
0.046923 373624 373623
0.000004 19723 19724 19725
0.000002 245175 245164
0.000002 399826 399821
0.000002 61259 61261
0.000002 14431 20575
0.035606 449662 449660
0.000002 91998 91996
0.029661 8052 10380
0.033490 339714 339727
0.000002 19544 19545
0.000006 4482 4483 4480 4481
0.000002 467960 467956
0.000002 335697 335701
0.000002 31033 31036
0.000002 132436 132435
0.000002 95301 95303
0.000002 4775 4776
0.003588 481496 481497
0.034313 146979 185338
0.008241 216027 138034
0.000002 57238 57237
0.022123 305200 305201 305199
0.008927 27930 27318
0.007265 103617 103616
0.000002 18505 18506
0.000002 334136 334135
0.000002 2561 8895
0.000002 13837 13662
0.015745 423190 423189
0.000002 553928 553929
0.026263 160600 160599
0.000002 49405 43858
0.000002 87306 87305
0.004313 128504 128505
0.000002 281896 281892
0.009166 235145 235142
0.002514 172201 147089
0.000002 324552 333064
0.000002 18592 18591
0.029462 29232 44280
0.007536 19030 16976
0.000002 6823 105
0.000002 278319 278321
0.042288 462093 462091
0.042288 212976 192400
0.006937 189396 189397
0.000004 2866 2867 2865
0.000002 3589 3590
0.000002 46498 46499
0.000002 33249 40655
0.000002 10194 10195
0.000002 97708 97705
0.019686 98647 68631
0.000002 436 437
0.000002 537833 537834
0.000002 195999 196000
0.010440 208384 208389
0.000002 208323 208324
0.006929 52372 52373
0.000002 475550 475551
0.000002 52011 52010
0.000002 24293 1415
0.000006 283394 283393 283392 283391
0.013687 201140 180068
0.000002 258269 258265
0.028291 368722 368723
0.000002 558611 558610
0.000004 4910 4911 4912
0.008406 56617 56616
0.000002 11830 11831
0.000002 19282 20302
0.000010 96340 96334 96335 96336 96337 96339
0.007734 40984 48991
0.003048 10567 12691
0.049026 143288 143284 135536
0.049026 619347 557098
0.000002 240927 240926
0.000002 593614 593615
0.000002 282444 282447
0.000002 78350 78351
0.000002 236179 236178
0.000006 599627 599626 599632 599628
0.000002 477703 477704
0.000004 78110 78111 78112
0.000002 19902 13289
0.000002 24164 7412
0.032650 361843 361844
0.000006 570983 570982 570985 570984
0.000002 12735 12736
0.000004 9948 9949 9950
0.031581 16521 9312
0.000002 249489 249490
0.043176 62674 62666
0.000002 10240 10241
0.000002 455918 455920
0.047039 49293 49299
0.000002 112329 112331
0.000002 177710 177709
0.000002 6644 17159
0.000002 306762 306761
0.000002 10153 4494
0.005390 100773 100774
0.000002 313162 313163
0.000002 457756 457758
0.025798 12476 12475
0.000002 66863 66865
0.031512 543338 543339
0.000004 3190 14406 3189
0.006993 18399 11178
0.000002 11147 18300
0.000002 334943 334940
0.000002 1309 1310
0.040413 123905 123904
0.000002 324 19216
0.025049 367510 367512 367509
0.000004 322816 322817 322814
0.000002 467542 467538
0.016954 22863 8613
0.005215 55704 55705
0.036094 334829 334826
0.000004 20613 16585 20614
0.000002 305550 305544
0.000002 22135 22136
0.000002 19815 21042
0.000004 319270 319271 319272
0.005457 125798 125797
0.000002 411471 411470
0.021366 152123 152124
0.000002 300962 300958
0.000004 3859 3861 3860
0.000002 3362 3361
0.028076 443713 443707
0.000002 241472 241473
0.046947 15724 16318
0.000002 124697 124698
0.000002 336707 336708
0.000002 18763 18762
0.039585 30299 29076
0.007152 73795 73794
0.005956 542231 525314
0.004200 589769 589770
0.000002 17922 17923
0.000002 19590 5191
0.035864 270763 270764
0.000002 119581 119582
0.046270 544495 544499
0.000002 17799 16006
0.000004 528243 528239
0.036617 2558 2559
0.000002 397950 397949
0.000002 258796 258794
0.000002 19594 18710
0.023592 4448 4449 24501
0.033711 20950 4751
0.000002 322687 322686
0.000004 251422 251426 251425
0.000002 314386 314384
0.000002 370538 370540
0.040857 237134 237135 237137
0.000002 106422 106421
0.007088 169048 169046
0.000002 2747 2748
0.009496 25319 30732
0.007560 20033 23283
0.007799 99483 99482
0.000002 3165 3166
0.006725 344807 344808
0.000004 519014 519015 519013
0.027630 36684 38944
0.008416 152753 152754
0.008088 31502 27438
0.000002 94339 94341
0.000002 311895 311893
0.000002 70716 70715
0.034118 148638 144860
0.041114 319882 319884
0.000002 252702 252701
0.000002 314163 314160
0.000002 173823 173825
0.000002 5636 5637
0.000002 87248 87246
0.000002 49854 47158
0.044389 199357 199358
0.008329 41803 41723
0.003646 451062 451063
0.005555 11058 16003
0.000002 55924 55925
0.000002 71001 71002
0.000002 310433 310435
0.008670 89798 89799 89796
0.000002 313526 313519
0.000002 85357 85358
0.003186 14699 19532
0.000002 564570 564569
0.000006 13736 13735 13734 13733
0.035091 328393 328381
0.000002 106202 106201
0.045050 237256 237258
0.000002 446201 446202
0.000002 259691 259697
0.000002 20775 20776
0.010237 10549 15257
0.031197 347084 347086
0.001656 223161 223158
0.018608 30374 38391
0.000002 127163 127161
0.000002 484475 484471
0.000004 10311 10312 10313
0.000002 9368 9369
0.008370 40670 27792
0.000002 10655 19154
0.010345 34821 37196
0.007811 43084 28544
0.000002 463225 463224
0.026940 73843 106107
0.038758 224351 131896
0.013307 367595 367596
0.026940 533990 584970
0.043953 296660 296652
0.000002 11487 11488
0.006536 124768 124769
0.000002 9520 9521
0.020346 214154 196352 225596
0.000002 448857 448852
0.013070 12507 23516
0.000002 296049 296046
0.006938 415356 415357
0.019871 411062 411063
0.007250 245475 245469
0.000002 313567 313568
0.008916 30104 30103
0.038775 86803 99317 99316
0.000004 7999 7998 8000
0.000002 235815 235816
0.000002 47035 45111
0.029652 30520 41992
0.011300 30840 30839
0.010260 15159 19340
0.000002 696 695
0.025155 196037 196038
0.000002 20920 10915
0.030575 299156 299155
0.000002 251726 251729
0.000002 348856 348855
0.030307 479967 479966 479965
0.000004 287675 287677 287678
0.000002 6786 6785
0.016231 237462 237460 237461
0.043825 72723 72726
0.009007 366048 366043 366042
0.033993 428771 428772
0.000002 81477 81473
0.000002 7159 7158
0.000002 356877 356876 428200 428199
0.000004 16400 16398 16399
0.015469 109715 109717
0.000002 428099 428098
0.003308 342520 342521
0.010634 5492 5490 5491
0.000002 604301 604302
0.000002 361751 361749
0.015386 613617 613620
0.000004 10220 10219 10218
0.000002 316756 316757
0.000002 1342 1343
0.007560 355145 355148
0.000002 425377 425375
0.000002 12417 12416
0.029106 50863 45813
0.025110 4627 17525 10942
0.000002 434693 434695
0.000002 451348 451342
0.006666 178291 178290
0.000002 347612 347614
0.040682 405088 405087
0.016926 84175 84177
0.040682 195438 225580
0.040682 90828 90826
0.000012 7270 7271 7267 7266 7265 7269 7268
0.000002 18412 18411
0.004191 435733 435734
0.019938 464667 464664 464665
0.000006 7827 7826 7829 7828
0.000004 270997 270994 270991
0.002284 155958 155956
0.000002 50045 48872
0.000002 65120 58335
0.000002 102 101
0.000004 18496 18495 18494
0.012875 483478 483472
0.000002 37388 51321
0.013384 4008 4009 20369
0.000002 411208 396108
0.000002 22769 16176
0.043377 400989 400992 400991
0.000002 48239 48236
0.000006 16789 16788 16790 16787
0.000004 1470 1471 1469
0.000002 9981 15094
0.000004 5048 5047 5046
0.000002 20797 20798
0.000002 40181 43029
0.009597 438117 438116
0.007304 282548 282543
0.039452 414375 414371
0.034506 8678 7971
0.000004 23696 10475 10476
0.000002 22744 9858
0.000002 320420 320419
0.000002 80763 80764
0.000002 177540 177541
0.000002 224240 224239
0.018450 136341 136343
0.000002 551539 597990
0.000002 106001 85663
0.023960 60160 105050
0.027861 319651 319654
0.028712 46070 46371
0.000002 73244 73243
0.000002 515698 515699
0.018458 93934 93933
0.000002 475998 475999
0.000002 258 259
0.011842 103806 103805
0.014027 9208 9203 9207 9206 9205 9204
0.000002 417290 417289
0.000002 13506 11179
0.000002 6440 6441
0.016442 132757 132754
0.002009 4477 4476 4475
0.007557 74026 74027
0.000002 341822 341823
0.007566 222563 222564
0.000002 2131 2132
0.000002 35306 36353
0.000004 8120 8118 8119
0.038409 46234 30922
0.040550 13588 5696
0.014511 1328 24612
0.000004 524066 524065 524064
0.000006 13116 19799 19798 13115
0.007605 308904 308903
0.043218 260435 260433
0.000002 15122 12582
0.000002 5041 5042
0.000002 29155 39797
0.038503 395105 395102
0.000002 103363 103362
0.000006 19032 19033 10466 19034
0.000002 49917 34661
0.028157 276154 276153
0.023659 33922 40345 38568
0.039148 220828 220829
0.011812 16386 9603
0.006752 47868 34125
0.000002 236231 236232
0.000002 289912 289910 289908 289914
0.047335 119573 119574
0.008184 20280 17613
0.032222 105713 105714
0.000002 462212 462209
0.000004 13324 21727 13323
0.000002 22768 17265
0.002188 553427 553428
0.040597 333846 333844
0.021558 479401 479399
0.000004 17777 17779 17778
0.000002 11015 11016
0.029387 96543 96542
0.020021 104398 104397
0.005764 472465 472464
0.006554 79779 79780
0.000002 35164 35165
0.000002 94176 94177
0.000002 13417 13418
0.010720 42146 32794
0.000006 117687 117689 117688 117690
0.008848 360451 360452
0.000002 244695 244694
0.000002 34898 27568
0.032779 325844 325851
0.022407 246264 246265
0.006293 31578 48142
0.000002 369343 369341
0.000002 452825 452826 362098 362099
0.000002 20812 19404
0.000002 263399 263401
0.006870 5054 12493
0.047785 588049 588050 588051
0.000002 451555 451556
0.000002 344422 344421
0.010414 10990 10784
0.000002 33715 43347
0.000002 84893 84890
0.000002 17562 24220
0.008872 15280 21968
0.000002 434920 434919
0.006630 214933 214932
0.015816 150509 150510
0.037026 451106 449423
0.008719 543076 543078
0.022273 527759 527763
0.000002 49855 35488
0.040069 491800 491799
0.000002 392143 392144
0.000002 162274 162275
0.000002 17596 17595
0.000002 332879 332881
0.000004 30745 51251 39657
0.000002 1881 1882
0.000002 61030 61029
0.031262 47320 26378
0.000002 228264 228265
0.000002 252629 252628
0.000002 3564 3563
0.000004 597025 597027 597026
0.000002 961 962
0.000304 80457 80458
0.000002 8868 8867
0.000004 4256 4255 4254
0.018575 41128 34743
0.025444 157047 157045
0.000004 338616 338615 338614
0.043509 100053 100055
0.000002 345567 345566
0.000002 36653 35367
0.037665 32486 33989
0.029483 13331 16923
0.000002 488246 488245
0.000002 113108 113109
0.006694 48098 49205
0.000002 12055 12269
0.048920 26875 38471
0.000004 242152 242149 242151
0.007256 19338 20440
0.000002 586596 586594
0.000002 445899 445896
0.000002 51428 47483
0.000002 313254 313255
0.008420 32145 41807
0.000002 92337 92338
0.000004 21505 17520 17521
0.000002 9852 9853
0.007124 39805 48147
0.014929 81392 81391
0.044930 149687 161010
0.000004 533101 533098 533099
0.000002 260475 260476
0.000002 98835 98837
0.008228 226958 226959
0.000002 226960 226957
0.000004 621023 621025 621024
0.000002 11904 17810
0.000002 550440 550441
0.000002 22838 18080
0.000002 46296 48819
0.005257 496249 496250
0.000002 290565 290566
0.000002 360676 360677
0.000002 62715 62717
0.000002 33934 34552
0.041583 291282 291283
0.000006 533827 533826 533825 533824
0.028334 76846 76847
0.000002 321662 321664
0.000002 74433 74432
0.000002 504170 504169
0.000004 9075 9076 9077
0.000006 17290 17291 17289 17288
0.009671 255784 255782
0.000002 370176 370174
0.032018 214407 214406 214405
0.003893 21485 23505
0.026704 34116 41036
0.000002 408383 438316
0.033174 47696 48193
0.026934 3089 14285
0.000002 98040 98038
0.000002 63851 63852
0.000002 321615 321617
0.000002 124102 124098
0.000004 15142 15143 19934
0.028222 470708 470707
0.019854 3127 3128 3129
0.000002 58001 58002
0.020903 87701 87700
0.000002 252710 252712
0.000002 113061 113059
0.000004 425500 425498 425497
0.036328 361746 361748
0.018376 38491 29408 29409
0.000002 12288 12287
0.000002 374615 374613
0.000002 109855 109854 87516 87517
0.020151 124580 124582
0.004570 428927 428926
0.000002 510435 510434
0.000002 41388 36896
0.043730 157692 190073
0.000002 157693 157690
0.000002 84250 84251
0.000002 10710 10711
0.030247 483272 483273 483269
0.000002 241704 241703
0.009398 19638 19752
0.000002 53242 101164 101163 53245
0.005875 105642 105646
0.000002 15670 15671
0.000002 60942 60940
0.000008 601109 601114 601111 601107
0.000002 356937 356935
0.000002 66746 66745
0.000002 132507 132505
0.000002 2719 2720
0.000002 432528 432529
0.000006 602710 602711 602707 602709
0.000002 386411 386412
0.000002 300611 300612
0.026727 460286 460288
0.000002 2565 2564
0.000002 271859 271861
0.000002 5336 6761
0.000002 190707 190709
0.000002 357197 357195
0.000002 99781 99783
0.000002 284168 284166
0.000002 178126 178125
0.000002 120237 120238
0.004445 278501 278498
0.000002 14269 14270
0.046244 68490 68491 68488
0.041491 8609 16846
0.000002 233505 233506
0.000004 6922 6921 6920
0.000002 268931 268935
0.000002 1844 1843
0.023674 201198 201201
0.000002 374730 374729
0.000002 13214 1617
0.007699 54287 54288
0.049073 21545 21544 12747
0.049379 439101 468925
0.049379 147102 136945
0.049379 490707 490703 490708
0.049379 286050 286049
0.000002 21432 19591
0.000002 273200 273186
0.047405 254661 254652
0.000002 351215 351218
0.000002 48479 35317
0.000002 6985 6984
0.004094 358573 358574
0.000002 4553 23975
0.000002 21198 1432
0.000002 272669 272670
0.039216 148403 148404
0.008908 462233 462234
0.000002 280949 280948
0.000004 600808 600806 600807
0.005835 252841 252843
0.005920 14885 14886 14887 14888 14889 14890
0.000002 320804 320809
0.000002 15340 15339
0.028958 126339 126340 126337
0.005905 18503 22183
0.000002 236783 236784
0.039997 592386 592385
0.011970 4701 16748
0.000004 559768 559776 559775
0.000002 15398 15397
0.000002 291122 291121
0.000002 13892 8997
0.017937 443135 443132
0.000002 292868 292867
0.000002 157913 157912
0.005163 485154 485153
0.000004 6487 6488 6489
0.000002 111902 122431 111905 122433
0.031963 91379 91378
0.003304 428044 428042 428040
0.000002 6051 6050
0.028282 475109 475110
0.000002 514976 514977
0.000002 41569 47153
0.004910 345242 345244
0.015555 358416 358414
0.000002 9863 9862
0.000002 122278 122279
0.046420 446576 446577 446572
0.009099 37844 37241
0.000002 378945 378949
0.000006 558266 558267 558264 558265
0.000002 9477 9478
0.012780 259409 259404
0.000002 10917 3760
0.034596 4837 4836
0.000002 13719 5727
0.033336 328197 328202
0.020157 55351 55350
0.013439 452604 452606
0.049882 440205 440209
0.000002 242281 242285
0.000002 15569 15570
0.028403 330602 330598
0.000002 49524 45315
0.007762 66364 66365
0.044991 332577 332572 332573
0.000002 18305 8802
0.000004 103709 103706
0.000002 5225 5226
0.000004 9742 9743 9744
0.004208 7303 17684
0.000002 230339 230334
0.000004 10530 10531 10532
0.000002 131537 155199
0.000002 107241 107242
0.000002 352951 352952
0.015115 231581 231579
0.034318 53838 53837
0.003906 198125 198124 198122
0.000002 425475 425470
0.028340 504136 504135
0.009481 268888 268894
0.018648 440383 440389 440378
0.000002 6925 6924
0.045651 463643 463642
0.000002 773 774
0.016803 442652 442659
0.007589 526194 526192
0.000008 325062 325056 325061 325052 325058
0.020385 165567 165568
0.000002 325079 325080
0.008316 20601 10419
0.033920 38432 25125
0.000002 490676 490674
0.007988 20840 19251
0.000002 707 16563
0.013847 84904 84907
0.000002 108210 108211
0.000002 80632 80638
0.000004 19392 19391 19390
0.000002 5174 5173
0.000002 340422 340425
0.013477 137061 137060
0.040398 4136 4137
0.035263 313924 313916
0.042285 444823 444821
0.037784 47046 29127
0.024406 281772 281779
0.000004 13776 13775 13774
0.016713 22352 20740
0.000002 358088 358090
0.000002 76736 76738
0.000004 11102 11101 21160
0.000002 51241 27112
0.000004 9649 9648 22728
0.000002 24039 24106
0.031556 358523 358526
0.000006 23600 16231 16229 16230
0.000002 23267 7760
0.000002 8393 8394
0.000002 22361 20244
0.000002 122079 122080
0.006811 572657 572656 572655 572666 572658
0.006848 473219 473218
0.000002 177869 177868
0.000002 46305 34863
0.018561 31783 43454
0.000002 335058 335059
0.000002 124215 124216
0.000006 597064 597061 597063 597062
0.000002 571038 571035
0.000002 235172 235169
0.000002 197081 197079
0.000002 408650 408648
0.000002 8063 8064
0.000002 98426 98425
0.007877 125511 125512
0.005270 296249 296247
0.011554 483791 483790
0.044788 120598 115877
0.044788 11874 11873
0.000002 247412 247403
0.000002 10545 10546
0.017685 87738 87739
0.000002 16932 16933
0.000002 526511 526510
0.000002 472329 472330
0.000002 67486 67485
0.000002 280858 280856
0.041649 445723 445725
0.000002 4889 23543
0.021975 459147 459152
0.000002 1489 1488
0.000002 430122 430123
0.000002 284711 284719
0.034998 8031 8030
0.000006 19528 19529 19531 19530
0.002860 224022 224020
0.008696 130867 190860
0.019759 255691 255692
0.000002 498720 498721
0.040202 161085 161083
0.038256 40932 41816
0.032894 99472 99473
0.000002 74361 74360
0.000002 18337 12859
0.023646 33886 33888
0.000002 324499 324500
0.000002 360530 360529
0.000002 2912 2913
0.048319 28277 39915
0.002767 21711 21712
0.000002 23709 16621
0.000002 233770 233771
0.000002 10400 10399
0.034063 51494 45465
0.000002 301986 301985
0.000002 78854 78853
0.004082 395165 395167
0.020884 40149 29555
0.000002 316378 316379
0.006824 106378 106377
0.010590 40368 45988
0.000002 532196 532197
0.000002 162166 162163
0.000002 459594 459596
0.045282 22480 5322
0.007704 40946 38566
0.000004 213937 213938 213939
0.000002 239861 239862
0.018573 34565 26365
0.037497 22004 18122
0.000002 2009 2010
0.000004 539607 539609 539608
0.000004 284441 284436 284435
0.019257 476515 476511 476506
0.015582 325485 325487
0.000002 328195 328198
0.000002 36221 50159
0.000002 332172 332168
0.008316 438753 438751
0.000002 35245 31162
0.000002 222958 222959
0.003906 17347 17821
0.049428 333858 333860 326095
0.000004 9776 9775 9774
0.049506 23322 17871
0.048831 234580 234581 234582
0.000002 386169 386170
0.044973 612148 612149
0.004233 79909 79910
0.000004 233126 233125 233124
0.047110 252254 252253
0.038960 75633 75635
0.000002 286755 286758
0.010041 342301 342303
0.003524 33965 48255 51659
0.000002 252 251
0.000002 270074 270073
0.000002 16637 14663
0.000002 31307 47589
0.000002 106 107
0.024875 217177 217178
0.000002 426505 426504
0.027625 9689 15145
0.010188 113361 113359
0.002577 364843 364844
0.036118 112570 112571 112572
0.000002 136073 136072
0.000002 204989 204986
0.000002 95 94
0.006695 446965 446964
0.016854 240802 240803
0.000002 18171 21744
0.000004 17816 17814 17815
0.008486 49219 38485
0.000002 199105 152627
0.000002 16345 16344
0.023857 41831 49212
0.000002 300742 300743 300741
0.004755 46414 46736
0.041625 80856 80857
0.000002 91168 91166
0.000002 7162 7163
0.005654 109513 109515
0.004741 13489 21241
0.048557 496003 496004
0.000002 18114 18113
0.039513 32707 48481
0.000002 228266 228267
0.000002 229455 229456
0.018019 39694 39751
0.000002 241454 241455
0.000002 43426 47252
0.007267 262327 262326
0.000002 6318 6317
0.000002 538444 538445
0.000002 205045 205046
0.006964 386726 386727
0.000002 51670 31497
0.000002 7568 7567
0.000002 353601 353600
0.027688 20591 10151
0.010663 43384 32132
0.000002 307321 307322
0.000002 161064 161065
0.007482 112691 112693
0.000002 73690 73691
0.000002 114488 114489
0.006664 353787 353788 353789
0.000002 9779 9778
0.008724 218722 218724
0.000002 558077 558076
0.000002 116976 116977
0.000002 2105 2106
0.000004 230757 230760 230758
0.000002 382078 382079
0.000002 105422 105423
0.036579 19555 10486
0.025877 457273 457276 457275
0.000004 494249 494248 494250
0.000002 455097 455096
0.000004 5742 5740 5741
0.003906 22746 15890
0.013871 309929 309931
0.000004 523655 523654 523653
0.031411 98041 98044
0.023094 329956 329954 329953
0.000002 22485 19589
0.000004 237280 237286 237279
0.000002 608649 608650
0.000004 14574 14575 14576
0.032369 264137 264138
0.000002 472896 472895
0.000004 511248 511251 511253
0.013730 22955 21091
0.030455 54877 54876
0.022691 327347 327346
0.000002 15338 15337
0.000002 336778 336779
0.000004 512321 512323 512322
0.019924 53531 53532
0.000002 6289 6290
0.021694 76972 76973
0.000002 490883 490882
0.000002 270041 270035
0.000002 574660 574661
0.000002 55954 55952
0.000002 319151 319150
0.000002 1211 16031
0.000002 439842 439846
0.000002 498101 498102
0.000002 142278 142277
0.000002 71 70
0.000002 161387 161386
0.000002 11086 11085
0.000002 88339 88338
0.007015 305266 305264
0.000004 402734 402732 402733
0.000002 5737 5736
0.008564 49769 33757
0.000002 79360 79361
0.003732 567411 567410
0.000002 13152 13151
0.000002 231256 231255
0.019835 318287 318289
0.000002 419164 419156
0.000002 78838 78837 78836 78835
0.000004 601823 601822 601821
0.032798 3120 3121
0.000002 7417 22691
0.037973 36699 45705
0.000006 539491 539492 539493 539494
0.000002 208024 208025
0.000002 285357 285358
0.000002 47884 47885
0.000002 94840 94838
0.021027 525426 525423
0.000002 21579 10504
0.000002 280565 280564
0.000002 341987 341986
0.000002 329443 329444
0.003876 22786 22787 19512
0.000002 21331 20514
0.004441 48424 48858
0.000002 85768 85770
0.000004 7219 7221 7220
0.000002 22578 20745
0.000002 57739 57738
0.005840 100653 100656
0.020515 495763 495765
0.033694 433923 433926
0.000002 433925 433924
0.018160 3146 3145
0.007853 22340 17089
0.015615 445473 445474
0.048208 372512 372511
0.000002 51371 24941
0.010035 230218 230217
0.000002 8781 8782
0.000006 533589 533592 533591 533590
0.021985 584892 584893
0.000002 3783 3784
0.010495 20592 8882
0.043566 387440 387439
0.000002 5955 5954
0.008106 623113 623111
0.000002 21967 20188
0.000002 122027 122026
0.000004 89550 89551 89552
0.010248 259179 259180
0.030195 6245 6851
0.000002 378811 378810
0.000006 606754 606755 606756 606757
0.000002 526520 526521
0.000002 311850 311851
0.005262 457750 457751
0.019565 121129 121131
0.000002 484648 484649
0.000002 5195 5194
0.000002 394896 394895
0.011071 98169 98170
0.000002 183685 183686
0.000002 89401 89399
0.048438 579709 579710
0.006619 358586 358590
0.000002 20692 21077
0.011199 72470 72469
0.012217 519315 519316
0.000002 102100 102102
0.005907 7591 6230
0.000002 582497 582500
0.000002 419666 419665
0.000002 28819 42181
0.000004 329668 329666 329667
0.000002 4829 4830
0.047016 466108 466110
0.000002 337172 337171
0.004559 455318 455321
0.008744 42712 31743
0.015044 367558 367559
0.049937 446730 446733
0.000002 4970 4971
0.006432 378796 378797
0.023016 291316 291319
0.000002 246092 246086
0.009057 316554 316555
0.000004 7129 7131 7130
0.006244 110809 110807
0.006496 103776 103772
0.000002 69671 69670
0.000002 54194 54195
0.000002 8381 8380
0.000002 388760 388761
0.000002 367996 367997
0.000002 39650 45025
0.005545 280104 280103
0.019284 451503 451501
0.000002 293182 293181
0.000002 182881 182882
0.035254 218379 218380
0.000002 18236 10842
0.012635 21682 19261
0.000002 43664 42870
0.014780 9554 20615
0.018943 447516 447515
0.024958 447513 447514
0.000002 444035 444036
0.000002 79119 79120
0.000002 607076 607074
0.000002 456078 456080
0.000002 187149 187148
0.006160 391070 391071
0.000002 12679 12678
0.029877 46864 41048
0.041001 239762 239761 239760
0.013151 13200 5886
0.002569 439222 439223
0.000002 588312 588311
0.000002 40360 43849
0.000002 177278 155368
0.036221 265280 265279
0.039543 441575 441557
0.007927 79029 79030
0.000004 1894 1892 1893
0.003718 194837 194836
0.030356 33026 40666
0.000002 280864 280866
0.018720 21713 1162
0.028980 36703 26192
0.000004 795 794 793
0.021754 251721 251722
0.049158 47875 47874
0.000002 292390 292388
0.004580 23532 16148
0.000002 4234 21924
0.020833 17317 17318
0.000006 565205 565207 565209 565210
0.008214 45887 48343
0.035721 265980 265981
0.000002 6989 6990
0.026283 390734 390733
0.000002 16402 22258
0.000002 1865 1864
0.000002 252124 252122
0.000008 544159 544158 544160 544157 544156
0.000004 147180 147181 147179
0.047585 30683 48341
0.000002 235657 235656
0.000002 346263 346264
0.010085 46241 30305
0.000002 1030 1029
0.038168 50210 39543
0.000002 156234 156233
0.031329 486860 486852
0.006418 82295 82298
0.000002 11900 11901
0.009050 20297 6709
0.000004 11962 11963 11964
0.014454 113890 113891
0.000002 249156 249160
0.000002 16615 16614
0.000002 499238 499237
0.000002 264598 264597
0.000002 75119 75117
0.034352 2435 2434 2436
0.012047 1304 18859
0.019377 347746 347743 347739
0.019196 525549 525550
0.037984 42805 35142
0.000002 3272 3273
0.000004 570009 570011 570019
0.001750 262178 262175
0.011032 481490 481491
0.000006 1805 1804 1807 1806
0.000002 247845 247844
0.000002 121389 121386
0.000006 10676 10675 10674 10673
0.004876 476608 476604
0.042387 331023 331032
0.012986 528439 528444
0.019577 75792 80728
0.035964 361095 388176
0.000002 447526 447527 447524 447523
0.000002 60986 60985
0.029336 374 373
0.014751 557454 557456
0.000002 616247 616243
0.000002 357120 357121
0.000002 316686 316687
0.008743 8770 22332
0.000002 1679 15455
0.000002 194811 194810
0.037223 22367 14544
0.000002 23193 14546
0.000002 315640 315636
0.000002 429003 429004
0.000004 13399 13398 13400
0.000002 1782 1781
0.006264 326593 326591
0.012686 224026 224024
0.000002 117155 117154
0.043800 326792 326789
0.000002 104654 104655
0.035867 9052 9051
0.000002 25462 48793
0.000002 373508 373509
0.033785 339564 339563
0.010583 459132 459128
0.037474 347754 347756 347757
0.037474 313807 313809
0.000002 29561 43263
0.026364 340046 340033
0.000002 13830 13831
0.046837 12658 21450
0.000002 14280 14281
0.000002 442998 442996
0.000002 37092 37093
0.008311 19411 21543
0.029369 48272 42861
0.024456 254632 254641
0.000004 337534 337533 337532
0.000002 121637 121636
0.036342 12769 16165
0.000002 17047 17046
0.005392 459469 459475
0.000002 238589 238590
0.002372 490638 490637
0.000002 103730 103732
0.009665 22157 11169
0.000002 42594 37087
0.000004 11936 11935 11934
0.006673 33935 34549
0.020242 40342 36685
0.013820 600380 600379
0.000002 320384 320385
0.000002 207921 207922
0.003172 426184 426183 426182
0.000002 197933 197932
0.000002 501124 501123
0.008303 854 24367
0.000004 510488 510486 510487
0.016480 29641 30854
0.000002 29642 30853
0.000002 6895 6894
0.043592 387812 387806
0.000002 494043 494045
0.000002 274917 274921
0.000002 14547 21503
0.044199 31638 31639
0.000002 11706 11707
0.000002 576644 576643
0.014541 433279 433281
0.043919 290340 290339
0.000002 365983 365984
0.000002 533251 533252
0.000002 249516 249514
0.030406 10599 15067
0.015021 35167 43203
0.000002 1261 1262
0.000004 328939 328938 328937
0.000002 41102 31309
0.035167 286165 286164
0.000002 16893 22036
0.010809 86161 86159
0.009785 273213 273214
0.000004 569675 569677 569676
0.029178 279276 279278
0.044992 301281 301282
0.005504 34656 40315
0.000002 20312 20311
0.000002 471188 471187
0.000002 9609 9608
0.019596 459915 459916
0.000002 235215 235214
0.000004 283017 283018 283019
0.000002 1579 1578
0.002314 147071 147070
0.019206 40845 28156
0.007982 17627 24123
0.000002 5265 5264
0.048010 73460 73459
0.032842 92882 92885
0.002324 283367 283368
0.031159 322420 322418 322419
0.000002 135568 135569
0.000002 620927 620928
0.000002 320810 320811
0.000004 9782 9783 9781
0.024516 51224 27516
0.000002 7947 7948
0.000002 577709 577707
0.000002 111365 111366
0.000006 14170 14171 14169 14168
0.033027 27794 40671 33081
0.000002 67213 67214
0.000002 438743 438744
0.023454 351762 351763
0.021990 34633 42264
0.000002 274377 274376
0.000002 479627 479628
0.000002 15234 15235
0.000002 9085 9084
0.000002 7988 7989
0.038306 278743 278744
0.000002 221345 221346
0.047981 264795 264797
0.000002 548169 602459
0.000002 79861 125282
0.000002 1369 1370
0.000004 109084 109082 109083
0.000341 260170 260179
0.000002 518069 518070
0.000002 523688 523689
0.000002 5949 5950
0.011780 98953 98951
0.000002 81194 81196
0.000002 99213 99214
0.000002 299387 299386
0.048799 6743 9522
0.006214 59050 59046
0.000002 69523 69521
0.000002 321833 321834
0.012563 354736 354735
0.033321 4924 4923
0.044422 318583 318577
0.036130 329862 329860 329861
0.000002 334028 334027
0.034878 55909 57014
0.034878 286736 286735
0.012268 20531 24451
0.047202 425290 425286
0.029410 246190 246191
0.000002 48251 40074
0.000002 130255 130254
0.000002 111277 111275
0.000002 217479 217478
0.014489 48199 41104
0.000002 182333 182332
0.000002 7194 7193
0.000002 451567 451566
0.004346 614801 614809
0.017780 230092 230091
0.017777 108918 108917
0.000002 299422 299423
0.000002 299479 299480
0.000002 271803 271804
0.000002 96829 96830
0.000002 378020 378019
0.000006 540507 540511 540508 540512
0.000002 4172 4173
0.000002 252893 252890
0.000002 15588 15587
0.000002 253280 253281
0.005114 531900 531901
0.000002 12877 12876
0.000006 105968 105970 105971 105972
0.000002 4367 4366
0.024996 75473 75475
0.000010 314538 314539 314541 314540 314536 314537
0.010867 111160 111161
0.000002 112493 112492
0.035632 306795 306800
0.000006 9672 9673 9670 9671
0.043882 292085 292084
0.000002 489056 489058
0.016662 2285 21041
0.000002 340137 340136
0.036179 429711 429712
0.005349 17763 2080
0.000006 489049 489048 489047 489046
0.010339 434124 434125 434126
0.035631 623795 623796
0.005646 540280 540279
0.000002 45387 25674
0.000002 384041 384042
0.003519 31349 31279
0.009276 313771 313775
0.000002 99265 99264
0.000002 74941 74940
0.000002 178851 178850
0.000002 78392 78394
0.039898 133687 133686
0.034996 82436 82434
0.000002 500988 500989
0.021793 372918 372919
0.000002 294849 294848
0.013553 186094 186095
0.008067 20511 13327
0.000002 17407 17406
0.000002 322276 322275
0.000002 239490 239488
0.022837 27077 38404
0.000002 308575 308576
0.003593 361568 361567
0.000002 586632 586633
0.000002 465452 465463
0.038284 171725 171728
0.003748 5357 12231
0.033343 353441 353446
0.005046 20537 19445
0.000002 289079 289076
0.000002 252052 252054
0.033701 3225 3224
0.000002 99157 99158
0.000006 589828 589829 589826 589827
0.000006 587536 587537 587538 587539
0.000002 110284 110285
0.000004 615927 615926 615923
0.029911 7334 7333
0.008271 47435 47436
0.000006 508753 508752 508759 508760
0.000004 614236 614238 614239
0.030286 541679 541676
0.000002 60076 60075
0.027969 329137 329142
0.004062 14255 19507
0.004480 478194 478196
0.000004 8210 8209 23302
0.006652 590087 590092
0.000002 92996 92997
0.006665 26526 26525
0.000002 142390 142389
0.000006 506588 506589 506585 506587
0.000004 339063 339062 339061
0.019046 8392 7133
0.006494 53357 53356
0.000002 325914 325918
0.016895 40298 37581
0.000002 448394 448396
0.027342 6466 6467
0.007775 103282 103283
0.000002 214775 214774
0.000004 503697 503696 503695
0.000002 77546 77545
0.000002 41056 37549
0.023474 623459 623457
0.000002 4572 4573
0.013745 351739 351740
0.000002 36134 34358
0.000004 18682 4540 23591
0.003936 205359 205360
0.000002 358471 358468
0.000002 40540 37226
0.000002 7054 21183
0.000002 27912 27427
0.000002 255776 255775
0.000002 327470 327468
0.007106 38381 27360
0.000004 16605 16606 16607
0.026230 274219 274222
0.000002 372714 372716
0.000002 72769 72770
0.000002 61887 61888
0.000002 409865 409864
0.011020 95582 95581
0.023992 7454 10351
0.000002 224270 224269
0.000002 178739 178740
0.000002 288284 288292
0.000002 16589 16590
0.031836 209390 209389
0.008447 28692 48334
0.000002 403255 403248
0.013130 22139 22138 661
0.000002 12174 12173
0.000002 51370 30261
0.000002 7995 21402
0.022001 97830 97831
0.003668 469332 469331
0.006338 78496 78499
0.000002 614197 614196
0.000002 485018 485019
0.000002 407922 407923
0.000002 61930 61931
0.013218 264826 264825
0.000002 38525 41806
0.041208 467854 467859
0.045230 292239 292240
0.008409 25127 35924
0.017575 284965 284966
0.004707 40432 31458
0.000002 328823 328822
0.000002 25401 37716
0.005365 18398 11176
0.004166 200899 200900
0.000002 9383 9384
0.000002 263075 263073
0.009256 19803 6307 19804
0.022884 332875 332874
0.022057 30737 35911
0.000002 339330 339335
0.046463 411696 411695
0.000002 17343 17344
0.026708 48470 31728
0.018283 111391 111390
0.041842 29644 29638
0.000002 300580 300582
0.000002 591276 591277
0.000002 2162 2161
0.001622 202539 202540
0.006250 25975 25977
0.000002 1717 1716
0.000002 385462 385463
0.015426 22664 4888 22663
0.014519 368816 368819
0.021173 20330 20329 11925
0.000002 62813 62814
0.000002 283339 283338
0.007235 152732 152731
0.006850 474712 474711
0.000002 4133 4134
0.000002 5077 5078
0.035128 42585 43826
0.000002 331460 331459
0.000004 10963 10962 10961
0.000002 292980 292977
0.000004 4345 24200 4346
0.000002 133320 133319
0.000002 5669 3609
0.007028 21795 15607
0.000002 14474 20595
0.000002 3622 3621
0.000002 480701 480700
0.016153 102148 102142
0.000002 226375 226376
0.023502 15205 18827
0.047701 35765 47075
0.000002 467099 467096
0.000002 426438 426437
0.003625 34128 30082
0.042279 308755 308756
0.000002 12095 12096
0.000002 9157 9527
0.000002 528831 528832
0.045854 33238 41917
0.000002 16631 16630
0.043720 240363 240366
0.023409 9015 17158
0.031967 251634 251638
0.000002 7273 7274
0.043264 74331 74329
0.019676 251192 251191
0.006111 36383 40712
0.000004 580631 580632 580633
0.000004 17058 17060 17059
0.008930 77609 77610
0.000002 22141 17262
0.004460 13900 20629
0.026811 278068 278071
0.000002 323960 323956
0.000002 120013 120010
0.000002 292857 292859
0.000002 321200 321196
0.000002 80680 80678
0.000002 238577 238576
0.000002 12258 12257
0.033694 372938 372939 372940
0.000002 250568 250575
0.000004 8377 8378 8379
0.000002 13673 13543
0.000002 36336 41491
0.005002 394351 394353
0.000002 11865 11866
0.014801 304573 304572
0.000002 6516 6517
0.000002 452692 452691
0.004491 24223 24222 15540
0.000002 1835 3364
0.000002 263641 263639
0.000002 281971 281975
0.047125 18563 23892
0.000002 44 45
0.040034 382061 382060
0.005616 40695 49624
0.000002 234463 234462
0.000002 437529 437540
0.018846 23885 22606
0.025631 276878 276880
0.000002 119587 119588
0.002503 82238 82239
0.000002 263634 263626
0.000002 312412 312424
0.010898 360986 360985
0.000002 247517 247518
0.025580 264339 264334
0.000002 1627 1626
0.000002 43325 48990
0.000002 94727 94728
0.013831 448989 448990
0.042815 301735 301728
0.000002 258464 258461
0.000002 570352 570353
0.012507 259398 259397
0.027446 234379 234381
0.016338 32742 49970
0.000002 420624 420630
0.000002 125228 125229
0.000002 23083 21680
0.005967 33849 29240
0.025743 82708 82709
0.000002 401430 401431
0.014823 458915 458914
0.000002 309199 309207
0.000002 559252 559253
0.000002 10385 10384
0.000002 247374 247373
0.000002 460445 460449
0.000002 75727 75728
0.000002 5568 19387
0.000002 11047 11046
0.000002 247829 247830
0.014621 385685 385670
0.049861 478033 478036
0.004027 286658 286657
0.000002 13984 15193
0.013264 299822 299824
0.000002 442051 442050
0.004476 100953 100952
0.002552 520998 521001
0.000002 75174 75179
0.044350 231774 231775
0.039616 367435 367434
0.015720 356158 356159
0.045426 381073 381072
0.021218 492382 492383
0.000004 550856 550851 550852
0.000002 480947 480951
0.045497 285862 285859
0.001998 11863 11862
0.000002 44252 44406
0.000002 86775 86772
0.000002 80313 80309
0.023137 38022 41123 35910
0.002932 89370 89371
0.000002 24955 49875
0.000004 13351 13350 13349
0.047661 92245 92243
0.000002 35534 41185
0.000004 6163 6165 6164
0.000002 1017 1018
0.028269 414359 414350
0.000002 192264 192262
0.000002 10081 10082
0.030113 313293 313296
0.000002 15494 22918
0.000002 411201 411199
0.000002 386294 386298
0.000004 10927 10929 10928
0.000002 9088 9087
0.000002 58998 58995
0.000002 241306 241305
0.000381 240592 240589
0.000002 1535 1536
0.000002 313346 313345
0.002460 7929 7930
0.047441 427672 427674
0.007226 344895 344900
0.000002 23298 23002
0.000002 385687 385688
0.010526 549221 549222
0.000002 22261 15863
0.000002 8425 8426
0.022262 109956 109955
0.009416 599221 599238
0.000004 9718 9717 9716
0.039204 18318 13225
0.002551 447519 447520
0.000002 385658 385665
0.000002 227192 227191
0.000002 238859 238857
0.017345 7620 7619
0.038935 17547 17548 18256
0.007469 614820 614816
0.000002 12976 10456
0.009763 96765 96763 96762
0.010795 582484 582486
0.008809 5914 5913
0.009205 38469 25419
0.037098 102078 102079
0.000002 29329 43788
0.000002 132542 132541
0.027063 279565 279563 279562
0.000002 335063 335065
0.023866 39034 51471
0.000006 9615 9616 9617 9618
0.010290 40855 30405
0.000002 339186 339177
0.000002 413499 413497
0.027210 233114 233115
0.003305 430155 430156
0.023691 10650 10649
0.000002 372927 372928
0.000002 66935 66934
0.006294 600057 600058
0.000002 2619 2618
0.000002 21046 11984
0.015474 265498 265497
0.000002 48786 33280
0.000002 60609 60610
0.018694 31081 31082
0.000002 21145 22486
0.000004 107864 107865 107863
0.004285 11324 11325
0.000002 281171 281170
0.000004 319195 319194 319196
0.000002 36396 48815
0.041052 263276 263275
0.006371 118803 118801
0.000002 502018 502019
0.003836 588094 588096
0.000002 435149 435150
0.008991 393400 393404
0.000002 595179 595178
0.031194 505862 505864
0.000006 520728 520729 520726 520727
0.020936 304391 304381
0.000002 89688 89689
0.000006 7964 7965 7962 7963
0.000002 571557 571558
0.000002 78846 78845
0.029371 475253 475254
0.000002 154620 154621
0.000002 140861 140862
0.000002 201048 201047
0.000002 15328 15327
0.000002 514804 514805
0.032592 286203 286191
0.010195 2286 2287
0.047232 261511 261508
0.000004 16110 11867 15044
0.000002 283094 283095
0.004101 546476 546477
0.000002 102601 102600
0.041006 309798 309805
0.010037 211514 211512
0.002901 472642 472641
0.029125 40696 40623
0.000002 563161 563160
0.000002 290476 290475
0.000004 257561 257559 257560
0.021134 11257 11258
0.000002 304584 304586
0.044889 8666 6964
0.000002 417104 417103
0.000006 568742 568743 568740 568741
0.000002 17577 1662
0.047504 406059 406058
0.000002 7033 7034
0.000004 597355 597354 597352
0.000002 5706 5707
0.039995 18001 18002
0.000002 34888 39795
0.000002 23048 23049
0.000002 370972 370971
0.000002 452957 452958
0.002714 3115 3116
0.000002 7876 7875
0.000004 413181 413182 413178
0.000002 15910 15909
0.000002 2774 2775
0.014440 233078 233077
0.000002 22541 4906
0.000002 322924 322925
0.000002 329841 329842
0.000002 92293 92292
0.000006 3155 3154 3153 3152
0.000004 588289 588290 588291
0.000002 113106 113107
0.000006 587321 587320 587336 587333
0.009077 316666 316667
0.000002 274621 274620
0.000002 38965 26341
0.000002 276576 276578
0.000002 488965 488964
0.000002 201111 201110
0.000002 14802 14803
0.010621 554491 554490
0.000002 63161 63160
0.000002 21878 17103
0.008866 22708 16971
0.009102 6966 8668
0.000002 333673 333674
0.002759 16137 16138
0.000002 351733 351732
0.000004 513061 513060 513059
0.000004 21068 21066 21067
0.000002 13474 11000
0.046235 330421 330417
0.000002 556479 556478
0.025751 412993 412992
0.002320 1164 1163
0.000002 20750 20749
0.000004 7933 7932 7931
0.000002 154080 154081
0.000004 7056 7057 7058
0.000002 21662 21663
0.013246 35935 41594
0.000002 11479 11480
0.040800 236752 236748
0.000002 293164 293166
0.000002 341652 341651
0.000002 387501 387500
0.031479 603852 603853
0.019269 45982 40370
0.019044 32202 32203
0.000002 7089 7088
0.000002 32165 34349
0.000002 420017 420016
0.037032 11011 6805
0.000002 19440 15516
0.000002 8884 8883
0.004976 559383 559385
0.006695 146652 146654
0.007736 35800 47895
0.003996 336282 336283
0.017791 285391 285390 285389
0.028675 151340 151341
0.040005 321884 321886 321887
0.014287 454133 454132
0.000002 367655 367654
0.000002 2420 2421
0.000002 474847 474846
0.000002 158369 158368
0.028960 209723 209724
0.014081 105272 105271
0.000002 289009 289008
0.000002 301492 301484
0.006980 295921 295919
0.004591 328275 328277
0.014150 48522 48527
0.000002 329420 329415
0.000006 563383 563382 563385 563384
0.000002 2680 2679
0.000002 14983 14982
0.018224 304677 304674
0.000002 502665 502673
0.012696 19662 17584
0.012009 66211 66212
0.031847 298047 298046
0.000002 164965 164968
0.000002 2827 2828
0.000002 12271 12272
0.037894 542878 542879 542880 542877
0.000002 367604 367603
0.000002 4291 4290
0.008366 48703 46000
0.008499 31287 42873
0.010905 33745 35968
0.000002 567062 567064
0.000002 18815 974
0.000002 564037 564038
0.010377 35353 39847
0.008271 5928 5929
0.022027 388911 388910
0.000002 433473 433472
0.000002 113510 113507
0.000002 531210 531207
0.000004 529204 529205 529206
0.000002 21347 19301
0.004674 37449 46411
0.000002 14413 14412
0.000002 29361 51100
0.000002 237130 237129
0.044390 99368 106463
0.007391 23309 1518
0.005315 416815 416813
0.000002 122043 122042
0.000004 5328 5329 5330
0.048108 354420 354419
0.000002 338994 338996
0.044977 605970 605969
0.008932 429096 429095
0.000002 253865 253867
0.014606 22149 21648
0.008330 29588 29313
0.000004 580021 580020 580019
0.000002 232553 232557
0.009709 100510 100509
0.000002 137187 137188
0.000002 87707 87706
0.000002 180752 180751
0.000002 94597 94595
0.024242 132657 132654
0.000002 47356 51578
0.000002 66963 66960
0.000002 150326 150325
0.000002 557 556
0.019417 40376 40644
0.027122 10566 11263
0.000002 35878 35804
0.000002 269618 269617
0.000002 8479 21789
0.000002 123127 123128
0.000002 24037 2360
0.000002 105879 105878
0.000002 179645 179644
0.014647 321967 321966
0.030824 3670 3669
0.043327 93872 93873
0.000002 89815 89814
0.000002 10639 10640
0.020248 599139 599138
0.000002 334091 334090
0.021346 13145 13146 13147
0.032823 444031 444033
0.000002 202194 202195
0.000002 538376 538374
0.000006 576508 576507 576506 576505
0.001429 435782 435781
0.034738 17863 17865 17864
0.000002 221360 221361
0.000002 9310 8245
0.000002 65207 65205
0.000004 861 860 862
0.000002 10628 10629
0.002899 465607 465609
0.000002 6772 6771
0.009830 15811 17806
0.000002 189716 189717
0.011656 370090 370088
0.034404 183451 183450
0.014952 413133 413134
0.000004 598532 598530 598531
0.000004 20788 12772 12773
0.038708 407720 407721
0.000002 320173 320172
0.026894 381273 381276
0.032862 56378 56375
0.020590 270761 270756
0.004732 110758 110755
0.010397 29138 35535
0.000002 302293 302291
0.026597 419217 419218
0.015846 331376 331374
0.000002 275337 275342
0.000002 5058 5059
0.045999 489872 489873
0.000002 130791 130793
0.000002 131744 131745
0.000002 16055 16054
0.000002 469100 469102
0.044237 71917 71918
0.042783 36617 36616
0.000002 3045 3044
0.036428 136490 136489
0.000002 9970 9969
0.015829 413517 413518
0.000004 7584 9569 9570
0.000002 493706 493709
0.030109 345534 345533
0.000002 14321 14322
0.049841 45200 35482
0.000002 16684 16685
0.000002 308801 308802
0.000002 171577 199657
0.010765 267520 267521
0.000002 43296 48175
0.000002 13557 10557
0.003426 415664 415665
0.000002 252880 252882
0.000002 14439 14438
0.000002 321997 321995
0.000002 14610 20426
0.000002 431114 431112
0.000002 546344 546342
0.000002 339418 339417
0.000002 8760 8759
0.028043 251159 251160
0.004245 441911 441915
0.000002 283726 283727
0.000002 14562 18800
0.045387 576815 576816
0.003281 1749 1751 1750
0.000002 374042 374043
0.015410 277974 277975
0.000002 282051 282050
0.011128 278211 278212
0.008831 351669 351668 351667
0.002107 619013 619016
0.000002 1546 1547
0.000002 563761 563762
0.000002 427825 427827
0.005474 51541 30496
0.000002 605585 605587
0.000002 448972 448975
0.045944 51142 46991
0.000002 578349 578338
0.000002 17034 17035
0.000002 17786 17787
0.006960 460128 460127
0.028518 372816 372812
0.034122 40757 40042
0.000002 494119 494120
0.000002 253 254
0.000002 34147 26445
0.000002 578044 578046
0.032648 471575 471576
0.000002 594032 594031
0.000002 318184 318183
0.043233 497253 497254
0.043233 275972 275973
0.035897 28410 25068
0.005016 126366 126365
0.018227 48008 49697
0.011440 264320 264315
0.000002 548653 548656
0.000002 446836 446838
0.045375 282450 282449
0.000002 622240 622241
0.000002 328292 328291
0.035177 259741 259740
0.000002 43028 32953
0.000002 3198 3197
0.000002 327285 327286
0.007984 104951 104949
0.000002 4422 4423
0.000002 4663 4664
0.000002 84557 84559
0.021228 595984 595985
0.004771 45591 51246
0.016184 121800 121801
0.009585 181390 181384
0.000002 16322 16321
0.000002 221470 221471
0.000002 247078 247077
0.000002 15106 3293
0.047578 38109 29906
0.009160 829 18516
0.014397 11014 8326
0.000006 19124 19121 19122 19123
0.000002 14989 17441
0.019270 21438 11536
0.000002 272626 272625
0.000002 274566 274565
0.035525 47174 47175
0.000002 141880 141881
0.000006 726 727 724 725
0.000002 327882 327881
0.035374 71420 71419
0.011818 16594 12701
0.007030 39155 32782
0.000002 45913 45915
0.008312 12853 14609
0.007452 351767 351768
0.000002 13807 13806
0.000002 95338 95341
0.009137 403104 403095
0.000002 79645 79644
0.010250 32291 43578
0.000002 250869 250870
0.000002 413358 413357
0.000002 25602 25600
0.000002 283825 283826
0.024563 15437 15471
0.030681 468328 468326
0.000002 395138 395136
0.000002 135 134
0.000002 7666 7665
0.000002 242988 242982
0.000002 40373 34454
0.000002 471728 471727
0.004391 314004 314006
0.000002 313458 313464
0.036490 208495 208494
0.000002 13759 13758
0.000002 339885 339881
0.004157 39467 38415
0.008471 118906 118904
0.000002 6667 10678
0.049530 241354 241351
0.000002 2024 2023
0.000002 48100 49204
0.023241 44113 44111
0.007607 11491 22447
0.000002 29822 33695
0.000002 6541 17775
0.000002 329470 329472
0.000004 14192 14193 14191
0.000002 306914 306916
0.016690 523338 523335
0.048056 11164 19068
0.048423 376822 376821
0.000002 10742 10741
0.000002 29666 34304
0.000002 576071 576070
0.000002 347110 347111
0.000002 92811 92816
0.000002 19515 19516 15553 15552
0.000002 384252 384254
0.000002 2150 24105
0.000002 13019 14566
0.000002 31484 36784
0.000002 448082 448083
0.012357 4323 24151
0.000002 172815 172816
0.035311 245580 245578
0.000002 333656 333655
0.000002 13818 13819
0.000002 9845 23370
0.028096 89163 89162
0.000002 43668 35156
0.000004 586896 586897 586895
0.000002 116409 116411
0.000002 359037 359034
0.000002 373560 373561
0.000002 5866 5865
0.011678 17920 12228
0.000002 290720 290719
0.000002 23619 24467
0.005464 366016 366017
0.029797 433965 433964
0.000002 121549 121550
0.000002 264455 264454
0.011705 48136 45046
0.007289 589690 589689
0.000002 575993 575994
0.005284 246136 246137
0.000002 13650 13651
0.000002 566159 566160
0.000002 22227 19923
0.043873 344004 344001
0.000002 267746 267747
0.000002 18019 18018
0.000002 278174 278173
0.000002 94388 94387
0.000002 302641 302642
0.000002 93253 93254
0.009424 36739 42149
0.000002 261939 261949
0.034217 489034 489035
0.000002 402477 402476
0.000002 6458 16977
0.000002 8709 8708
0.038291 84540 84541
0.002708 8207 8208
0.000002 623959 623960
0.040199 10470 10469
0.000002 229287 229286
0.000004 333888 333887 333886
0.006367 18417 18418
0.000004 296349 296346 296347
0.000002 333102 333103
0.000002 249836 249837
0.000002 569031 569030
0.000002 263874 263876
0.000004 540358 540357 540356
0.000002 12882 12881
0.000002 272869 272878
0.000002 286725 286726
0.000002 286971 286972
0.000002 246183 246182
0.000002 81697 81696
0.000004 4864 4865 4863
0.000002 20249 20248
0.009694 53876 53877
0.004446 26587 41576
0.005126 603384 603385
0.000002 431126 431125
0.000002 451565 451564
0.000002 30897 48651
0.000004 570699 570698 570700
0.000002 1336 1335
0.000002 490157 490155
0.000002 12898 19375
0.031368 236029 236028
0.000002 160747 160748
0.000002 25420 38470
0.000002 85722 85721
0.000002 603498 603499
0.000004 7173 7172 7171
0.031003 407477 407478
0.000002 53087 53088
0.016085 4205 4206
0.000004 272245 272244 272246
0.000002 735 734
0.000002 178665 178663
0.000002 441398 441400
0.000002 153157 153158
0.000002 345695 345694
0.000002 297559 297555
0.000002 619356 619353
0.000002 281744 281745
0.004882 228203 228201
0.004606 44343 44340
0.000002 322901 322903
0.000002 323006 323007
0.000002 154752 154753
0.000004 282761 282760 282758
0.041242 549868 549867
0.000002 12281 3889
0.005128 4942 10836
0.000002 498175 498176
0.000004 239480 239481 239479
0.038285 4106 4105 4104
0.009417 328640 328629
0.000002 601627 601626
0.000002 303747 303746
0.000002 94173 94174
0.000002 9118 9117
0.000002 254528 254526
0.045863 59533 59529
0.016634 332666 332679
0.000002 543493 543488
0.000002 232762 232761
0.000002 12627 14204
0.000002 608357 608359
0.000002 273945 273944
0.000002 24883 43230
0.009872 18152 16903
0.000004 266806 266807 266799
0.010206 46623 46622
0.000006 575628 575627 575626 575625
0.035505 466045 466043
0.000002 6657 6658
0.042109 313532 313534
0.009150 23427 20944
0.031946 319543 319545
0.000002 460519 460523
0.000002 574575 574576
0.032730 294628 294627
0.006442 99418 99417
0.000002 304112 304110
0.000002 577856 577857
0.000002 4108 4107
0.000002 19074 18413
0.000002 68662 68661
0.000002 22042 19994
0.000002 600785 600786
0.000002 375594 375593
0.000002 9173 9172
0.032237 107525 107524
0.000002 367950 367948
0.000002 11362 11361
0.000002 55854 55855
0.000002 6581 6582
0.000002 437908 437921
0.000002 14615 14614
0.000002 114338 114339
0.019676 316726 316725
0.003829 5417 5418
0.000002 451381 451383
0.004601 28865 32821
0.006051 278903 278904
0.000002 288155 288153
0.028881 280568 280567
0.011887 494470 494471
0.000002 294245 294244
0.000002 252463 252461
0.000002 4697 4698
0.000002 252667 252666
0.019129 12938 24276
0.043410 602430 579367
0.023628 253565 253564
0.000002 376667 376670
0.012864 475042 475043
0.003387 300687 300686
0.000002 3720 3721
0.000002 103386 103390
0.000002 277840 277839
0.000002 6715 6716
0.047282 358600 358599
0.000002 305108 305107
0.013762 10216 18045
0.049221 448470 448469
0.025273 516052 516048
0.000002 23465 14334
0.010309 344927 344931
0.000004 285250 285251 285249
0.008437 16772 23224
0.000002 14691 14690
0.000006 527352 527353 527354 527348
0.000004 507482 507483 507484
0.000004 6917 6918 6919
0.009806 12833 12834
0.000004 113713 113712 113711
0.003766 164870 164871
0.008216 189435 189436
0.004665 301025 301026
0.000002 297815 297820
0.000002 179027 179029
0.012215 235715 235724
0.000002 283115 283114
0.005880 17465 3071
0.000002 6140 6139
0.033154 430778 430777
0.000002 4704 4703
0.000002 608295 608294
0.014706 41107 31704
0.000002 232483 232480
0.000002 580435 580429
0.019814 290236 290238
0.011918 21470 22331
0.000002 384519 384520
0.020505 273663 273664
0.000002 477814 477813
0.000002 14316 14317
0.000002 256310 256309
0.018062 277759 277765
0.000002 369646 369647
0.000002 19199 19200
0.000002 387089 387090
0.000002 6035 6034
0.000002 13054 20826
0.003099 127459 127458
0.000006 392 391 390 389
0.031577 436962 436960
0.031268 239622 239624
0.000006 498607 498611 498609 498608
0.013802 456257 456255
0.010371 45193 45194
0.000002 405044 405048
0.000002 2046 2047
0.000002 227170 227173
0.000002 36054 36058
0.000002 11252 11251
0.000002 16554 16555
0.000002 279275 279272
0.004563 17443 17442
0.000002 44395 42535
0.000002 18611 19237
0.039357 11199 24120
0.015708 85301 85302
0.000002 8178 8177
0.000002 511793 511789
0.000002 12529 12530
0.033790 444192 444191
0.000002 9962 9963
0.000004 239558 239560 239559
0.000002 250289 250285
0.000002 1278 1279
0.010643 432772 432770
0.000002 85475 85474
0.000004 12989 12988 3147
0.016479 13170 20755
0.041169 6109 6108 6107 6110
0.000002 6047 6048
0.033092 47444 34755
0.016014 122082 122081
0.000002 64 63
0.013428 35242 31160
0.000002 15289 15288
0.026805 27260 42204
0.006360 16899 22494
0.000002 262895 262894
0.000004 5830 5831 5832
0.000828 405362 405363
0.042935 15099 7613
0.000002 54004 54006
0.018601 15078 13480
0.004708 19771 11240
0.015911 276928 276926
0.000002 303430 303435
0.036981 303259 303262
0.039759 16781 16782 6039
0.000002 14908 14907
0.040865 246735 246732
0.000002 18838 8800
0.000002 4317 4318
0.000002 412627 412628
0.041868 2273 2274
0.000002 12761 12760
0.000002 127659 127658
0.027561 363868 363866
0.000002 488713 488714
0.000002 342265 342268
0.000002 341745 341746
0.001712 13714 13713
0.016128 368712 368710
0.044556 23279 23280
0.000002 41279 32296
0.024330 17346 4588
0.041875 272957 272970
0.014528 43314 44282
0.000002 256224 256219
0.009488 36287 36282
0.000002 11521 11522
0.000002 15760 10687
0.000002 12573 18261
0.000002 64734 64732
0.000002 613350 613344
0.000002 5166 5165
0.030981 458419 458420
0.025653 19327 19328
0.000002 483883 483884
0.007401 14126 14125
0.000002 86814 86816
0.000002 469081 469082
0.019697 37722 35061
0.000002 288442 288441
0.000002 10008 10009
0.018139 24254 14832
0.000002 31027 30300
0.000004 2482 2483 2484
0.004868 6758 11655
0.000002 160344 160345
0.047901 280379 238000
0.024690 306095 306096
0.000002 41274 26887
0.000002 944 945
0.000002 597045 597044
0.029101 224221 186546
0.000002 534799 534803
0.000002 606037 606038
0.004593 12832 21015 21014
0.015587 330364 330363
0.010580 151858 151857
0.029150 500714 500713
0.000002 113104 113105
0.004666 5650 5649
0.000002 5232 5233
0.007527 457369 457370
0.000002 31086 48026
0.003976 220196 220195
0.000002 236313 236314
0.000002 6642 6641
0.000002 118262 118261
0.037916 621739 621738
0.000002 3658 3657
0.000002 133175 133176
0.000002 141242 141241
0.000002 73487 73488
0.008206 25367 49711
0.003866 229504 229503
0.013492 83815 83813
0.024287 78098 78097
0.046196 589939 589937
0.000002 553259 553260
0.000002 273497 273496
0.000002 539610 539611
0.000002 236182 236181
0.008330 380236 380235
0.000002 391491 391492
0.000002 413691 413692
0.000002 21100 8009
0.000004 11065 11067 11066
0.000002 188687 188686
0.000002 255884 255885
0.000002 439786 439785
0.000002 606714 606713
0.004656 570978 570979
0.003087 9232 12274
0.006176 37542 41312
0.000002 362780 362781
0.031782 575584 575585
0.006747 274310 274309
0.000002 51018 33366
0.013662 55384 55386
0.001283 231470 231469
0.000002 342522 342525
0.042423 205610 205609
0.000002 275530 275531
0.024538 358638 358637
0.000002 109349 109350
0.009013 66878 66879
0.000002 324436 324435
0.037177 485964 485965
0.029193 18797 13166
0.000002 320076 320077
0.000002 213192 213193
0.000002 15290 15291
0.000002 49317 35059
0.000002 53076 53077
0.019285 452209 452208
0.034310 187828 140592
0.000002 329336 329335
0.000002 164724 164725
0.000004 115990 115988 115989
0.000002 604222 604223
0.000002 447775 447774
0.005680 18235 18234
0.000002 139033 139034
0.000002 283671 283672
0.000002 1324 1325
0.000002 22683 22688
0.047159 308600 308598
0.000002 302883 302884
0.000002 132195 132196
0.006070 29113 40328
0.000002 195071 195072
0.000002 9740 9739
0.000002 333576 333575
0.000002 389038 389037
0.000002 14051 9158
0.000004 322714 322713 322712
0.000002 351838 351837
0.000002 211785 211784
0.031544 445796 445794
0.000002 351539 351538
0.000002 452663 452661
0.024013 37016 35234
0.000002 529257 529258
0.008770 137145 137146
0.000002 108792 108791
0.025276 991 1221
0.000002 126231 126228
0.000002 69496 69495
0.000002 316705 316706
0.000002 5467 5466
0.000002 68335 68333
0.005171 154103 154102
0.000002 72074 72072
0.000002 89650 89649
0.000002 183833 183836
0.000002 546368 546369
0.027760 320344 320345 320346
0.000002 31292 38276
0.032819 280495 280494
0.000002 57962 57963
0.000002 8477 8478
0.005030 22431 6187
0.000002 196848 196849
0.000002 40375 36472
0.000002 549688 549687
0.000002 429899 429894
0.000002 281299 281296
0.000004 81 82 83
0.000002 258146 258148
0.032339 37316 37318
0.000002 7976 7975
0.000002 579234 579233
0.000002 269944 269945
0.012072 475843 475844
0.000002 54248 54247
0.000002 24172 9611
0.000002 205005 205006
0.028651 161118 161117
0.005941 2178 23930
0.000002 6004 6005
0.000002 2215 2216
0.006858 229466 229468
0.000002 12866 12867
0.000002 300502 300503
0.000002 8375 22449
0.000002 275420 275421
0.000002 302305 302310
0.000002 598666 598667
0.003416 2127 2126
0.013944 442990 442989
0.000002 1049 1048
0.000002 18304 18303
0.000002 1997 18353
0.000004 140 139 138
0.000002 561994 561995
0.000002 17530 17529
0.000002 12367 12368
0.000002 50244 32712
0.000002 292905 292907
0.000002 187437 187436
0.000002 187415 187414
0.000002 443388 443389
0.003692 386974 386973
0.000002 600316 600315
0.000002 365884 365885
0.014285 18522 24483
0.047470 35649 48353
0.000002 306728 306729
0.041153 8107 5575
0.000002 2411 2410
0.000002 11906 11907
0.023809 487043 487045
0.000002 572042 572048
0.000002 192596 192595
0.000002 264107 264109
0.021412 15068 16878
0.000002 523892 523891
0.045464 20424 13165
0.023611 557409 557408
0.000002 289430 289429
0.000002 289647 289649
0.000002 12086 12085
0.031116 525054 525048
0.000002 52008 52009
0.005172 16541 16540
0.003723 14277 21689
0.000004 15366 15367 15368
0.000002 248006 248005
0.000002 382072 382073
0.000002 23024 23025
0.021980 439196 439197
0.025556 450614 450616
0.000002 5162 5161
0.047472 523981 523982
0.000968 231562 231564
0.000002 258128 258123
0.000002 14761 1047
0.000002 50321 30191
0.000002 470794 470793
0.000002 5880 5879
0.000002 427506 427505
0.000002 110891 110890
0.004208 5202 5201
0.000002 13904 13905
0.000002 283933 283932
0.007275 272696 272697
0.000004 121 122 123
0.042457 405355 405354
0.000002 16041 20956
0.000002 253483 253484
0.000004 270690 270687 270688
0.000002 243132 243134
0.035358 14424 14425
0.000002 3595 3594
0.000002 471743 471742
0.000002 8769 23751
0.000002 14159 14160
0.020565 42651 38311
0.000002 447214 447212
0.034989 544833 544835
0.015317 9418 9417
0.000002 363739 363740
0.024934 11766 11765
0.000002 619496 619493
0.000002 15626 15625
0.000002 136507 136506
0.017676 11032 11033 11031
0.000002 7656 7657
0.000002 136301 136303
0.000002 557833 557838
0.005298 178697 178696
0.000002 23793 7086
0.000002 22826 2063
0.034759 459157 459153
0.037308 41237 26016
0.000002 4677 4678
0.000002 367982 367985
0.006599 14164 14163 18881
0.000002 10255 10256
0.000002 546541 546539
0.000002 474842 474841
0.000002 583385 583386
0.000002 583431 583430
0.041807 295063 295064
0.018437 6009 6010
0.000002 152475 152474
0.000002 427375 427373
0.000002 296394 296393
0.000002 283413 283414
0.000002 98408 98409
0.000002 281124 281125
0.005913 159803 159802
0.000002 79794 79793
0.000002 236225 236224
0.000002 267804 267803
0.006279 152098 152097
0.000002 600282 600285
0.006407 22457 19557
0.005811 182655 182656
0.000002 250103 250105
0.000002 329856 329855
0.000002 105954 105953
0.003726 359696 359695
0.000002 91124 91125
0.000002 110712 110713
0.000002 316335 316336
0.000002 301127 301126
0.048153 588944 588945
0.000002 542 541
0.000002 39162 37184
0.000002 221339 221338
0.032977 36943 36944
0.020378 48574 35682
0.000002 317854 317853
0.000002 2675 2674
0.000002 589347 589346
0.000002 518627 518625
0.000002 291437 291438
0.000002 609373 609372
0.000002 2754 2755
0.005846 309091 309092
0.000002 290547 290548
0.000002 9606 9605
0.000002 384013 384011
0.005244 49808 32142
0.000002 237712 237714
0.009855 14423 17178
0.000002 404464 404463
0.000002 7432 7433
0.027173 252720 252719
0.000002 21389 21388
0.000002 178647 178648
0.000002 352271 352272
0.000002 281463 281464
0.021305 7315 21502
0.000002 253502 253501
0.000002 2442 2443
0.000002 1553 1554
0.000002 344075 344076
0.021156 41061 35640
0.000002 261995 261998
0.002341 154905 154904
0.002137 10596 10597
0.000002 378322 378321
0.000002 20447 20446
0.000002 573026 573025
0.006091 302270 302271
0.000002 473613 473612
0.000002 4894 4896
0.000002 9249 21472
0.037090 602245 602242
0.022599 24156 13950
0.000002 1727 1728
0.003535 12931 20540
0.012312 414638 414639
0.002375 1450 1451
0.012747 293204 293205
0.000002 293223 293221
0.000002 149998 150000
0.038807 19847 22191
0.000002 10976 17888
0.000002 280021 280022
0.000002 14853 14852
0.000002 8011 8012
0.000002 231600 231599
0.000002 469556 469555
0.000002 13510 13498
0.000002 565602 565603
0.000002 329435 329434
0.000002 524830 524829
0.000002 4622 4623
0.000002 331180 331182
0.005003 5551 19772
0.013939 256321 256322
0.014817 7456 7457
0.018147 8195 8196
0.000002 200288 200289
0.000002 339127 339121
0.000002 268904 268907
0.000002 12842 12843
0.000002 302063 302064
0.007823 17733 21064
0.005339 430760 430759
0.003534 13693 13694
0.000002 4383 4384
0.001306 6611 6612
0.000002 407504 407505
0.041801 386391 386389
0.004896 51601 47323
0.000002 139843 139842
0.000002 18239 18238
0.013771 455213 455211
